[2025-06-17T20:06:22.583+0400] {{local_task_job_runner.py:123}} INFO - ::group::Pre task execution logs
[2025-06-17T20:06:22.610+0400] {{taskinstance.py:2614}} INFO - Dependencies all met for dep_context=non-requeueable deps ti=<TaskInstance: breast_cancer_ml_pipeline.train_model manual__2025-06-17T16:05:21.342741+00:00 [queued]>
[2025-06-17T20:06:22.623+0400] {{taskinstance.py:2614}} INFO - Dependencies all met for dep_context=requeueable deps ti=<TaskInstance: breast_cancer_ml_pipeline.train_model manual__2025-06-17T16:05:21.342741+00:00 [queued]>
[2025-06-17T20:06:22.623+0400] {{taskinstance.py:2867}} INFO - Starting attempt 1 of 3
[2025-06-17T20:06:22.642+0400] {{taskinstance.py:2890}} INFO - Executing <Task(PythonOperator): train_model> on 2025-06-17 16:05:21.342741+00:00
[2025-06-17T20:06:22.660+0400] {{logging_mixin.py:190}} WARNING - /Users/yuriy.samorodov/Documents/МФТИ/Семестр 2/Data Engineering/Exam/ml-pipeline-project/venv/lib/python3.12/site-packages/airflow/task/task_runner/standard_task_runner.py:70 DeprecationWarning: This process (pid=41472) is multi-threaded, use of fork() may lead to deadlocks in the child.
[2025-06-17T20:06:22.662+0400] {{standard_task_runner.py:72}} INFO - Started process 41475 to run task
[2025-06-17T20:06:22.662+0400] {{standard_task_runner.py:104}} INFO - Running: ['airflow', 'tasks', 'run', 'breast_cancer_ml_pipeline', 'train_model', 'manual__2025-06-17T16:05:21.342741+00:00', '--job-id', '6', '--raw', '--subdir', 'DAGS_FOLDER/ml_pipeline_dag.py', '--cfg-path', '/var/folders/1f/q4s2m7nd4h11_dlypgrn202w0000gn/T/tmp3zgx9bu2']
[2025-06-17T20:06:22.669+0400] {{standard_task_runner.py:105}} INFO - Job 6: Subtask train_model
[2025-06-17T20:06:22.761+0400] {{task_command.py:467}} INFO - Running <TaskInstance: breast_cancer_ml_pipeline.train_model manual__2025-06-17T16:05:21.342741+00:00 [running]> on host 1.0.0.0.0.0.0.0.0.0.0.0.0.0.0.0.0.0.0.0.0.0.0.0.0.0.0.0.0.0.0.0.ip6.arpa
[2025-06-17T20:06:23.286+0400] {{taskinstance.py:3134}} INFO - Exporting env vars: AIRFLOW_CTX_DAG_EMAIL='admin@example.com' AIRFLOW_CTX_DAG_OWNER='data-engineer' AIRFLOW_CTX_DAG_ID='breast_cancer_ml_pipeline' AIRFLOW_CTX_TASK_ID='train_model' AIRFLOW_CTX_EXECUTION_DATE='2025-06-17T16:05:21.342741+00:00' AIRFLOW_CTX_TRY_NUMBER='1' AIRFLOW_CTX_DAG_RUN_ID='manual__2025-06-17T16:05:21.342741+00:00'
[2025-06-17T20:06:23.287+0400] {{taskinstance.py:732}} INFO - ::endgroup::
[2025-06-17T20:06:23.313+0400] {{logging_mixin.py:190}} INFO - Рабочая директория установлена в: /Users/yuriy.samorodov/Documents/МФТИ/Семестр 2/Data Engineering/Exam/ml-pipeline-project
[2025-06-17T20:06:23.314+0400] {{ml_pipeline_dag.py:233}} INFO - === НАЧАЛО ОБУЧЕНИЯ МОДЕЛИ ===
[2025-06-17T20:06:23.326+0400] {{ml_pipeline_dag.py:257}} INFO -  Получены обработанные данные через XCom:
[2025-06-17T20:06:23.328+0400] {{ml_pipeline_dag.py:258}} INFO -    - X_train: (455, 30)
[2025-06-17T20:06:23.329+0400] {{ml_pipeline_dag.py:259}} INFO -    - X_test: (114, 30)
[2025-06-17T20:06:23.329+0400] {{ml_pipeline_dag.py:260}} INFO -    - y_train: 455 образцов
[2025-06-17T20:06:23.330+0400] {{ml_pipeline_dag.py:261}} INFO -    - y_test: 114 образцов
[2025-06-17T20:06:23.359+0400] {{model_trainer.py:412}} INFO - Запуск обучения модели на данных из XCom
[2025-06-17T20:06:23.359+0400] {{model_trainer.py:68}} INFO - Создание модели LogisticRegression с параметрами: {'random_state': 42, 'max_iter': 1000, 'solver': 'liblinear', 'penalty': 'l2'}
[2025-06-17T20:06:23.360+0400] {{model_trainer.py:201}} INFO - Начало кросс-валидации с 5 фолдами
[2025-06-17T20:06:23.409+0400] {{model_trainer.py:217}} INFO - Результаты кросс-валидации:
[2025-06-17T20:06:23.410+0400] {{model_trainer.py:218}} INFO -   Средняя точность: 0.9714 ± 0.0112
[2025-06-17T20:06:23.411+0400] {{model_trainer.py:219}} INFO -   Минимальная точность: 0.9560
[2025-06-17T20:06:23.412+0400] {{model_trainer.py:220}} INFO -   Максимальная точность: 0.9890
[2025-06-17T20:06:23.412+0400] {{model_trainer.py:84}} INFO - Начало обучения модели
[2025-06-17T20:06:23.417+0400] {{model_trainer.py:109}} INFO - Обучение завершено за 0.00 секунд
[2025-06-17T20:06:23.418+0400] {{model_trainer.py:110}} INFO - Обучено на 455 образцах с 30 признаками
[2025-06-17T20:06:23.419+0400] {{model_trainer.py:254}} INFO - Топ-5 самых важных признаков:
[2025-06-17T20:06:23.419+0400] {{model_trainer.py:256}} INFO -   1. feature_21: 1.4238
[2025-06-17T20:06:23.420+0400] {{model_trainer.py:256}} INFO -   2. feature_10: 1.2436
[2025-06-17T20:06:23.420+0400] {{model_trainer.py:256}} INFO -   3. feature_28: 1.0591
[2025-06-17T20:06:23.421+0400] {{model_trainer.py:256}} INFO -   4. feature_7: 0.9548
[2025-06-17T20:06:23.421+0400] {{model_trainer.py:256}} INFO -   5. feature_13: 0.9334
[2025-06-17T20:06:23.422+0400] {{model_trainer.py:433}} INFO - Обучение модели на XCom данных завершено успешно
[2025-06-17T20:06:23.424+0400] {{model_trainer.py:289}} INFO - Удален существующий файл модели: results/models/current_model.joblib
[2025-06-17T20:06:23.427+0400] {{model_trainer.py:293}} INFO - Модель сохранена: results/models/current_model.joblib
[2025-06-17T20:06:23.429+0400] {{model_trainer.py:313}} INFO - Метаданные модели сохранены: results/models/current_model_metadata.json
[2025-06-17T20:06:23.447+0400] {{ml_pipeline_dag.py:325}} INFO -  Модель обучена и сохранена в results/models/current_model.joblib
[2025-06-17T20:06:23.448+0400] {{ml_pipeline_dag.py:326}} INFO -    - Тип модели: LogisticRegression
[2025-06-17T20:06:23.448+0400] {{ml_pipeline_dag.py:327}} INFO -    - Источник данных: XCom
[2025-06-17T20:06:23.449+0400] {{ml_pipeline_dag.py:328}} INFO -    - Использован подбор гиперпараметров: False
[2025-06-17T20:06:23.450+0400] {{ml_pipeline_dag.py:329}} INFO - === ОБУЧЕНИЕ МОДЕЛИ ЗАВЕРШЕНО ===
[2025-06-17T20:06:23.450+0400] {{python.py:240}} INFO - Done. Returned value was: {'status': 'success', 'model_type': 'LogisticRegression', 'model_path': 'results/models/current_model.joblib', 'training_samples': 455, 'cv_score': 0.9714285714285715, 'data_source': 'xcom'}
[2025-06-17T20:06:23.462+0400] {{taskinstance.py:341}} INFO - ::group::Post task execution logs
[2025-06-17T20:06:23.463+0400] {{taskinstance.py:353}} INFO - Marking task as SUCCESS. dag_id=breast_cancer_ml_pipeline, task_id=train_model, run_id=manual__2025-06-17T16:05:21.342741+00:00, execution_date=20250617T160521, start_date=20250617T160622, end_date=20250617T160623
[2025-06-17T20:06:23.541+0400] {{local_task_job_runner.py:266}} INFO - Task exited with return code 0
[2025-06-17T20:06:23.574+0400] {{taskinstance.py:3901}} INFO - 1 downstream tasks scheduled from follow-on schedule check
[2025-06-17T20:06:23.576+0400] {{local_task_job_runner.py:245}} INFO - ::endgroup::
