[2025-06-17T19:12:38.359+0000] {local_task_job_runner.py:123} INFO - ::group::Pre task execution logs
[2025-06-17T19:12:38.379+0000] {taskinstance.py:2614} INFO - Dependencies all met for dep_context=non-requeueable deps ti=<TaskInstance: breast_cancer_ml_pipeline.evaluate_model manual__2025-06-17T19:12:23.474875+00:00 [queued]>
[2025-06-17T19:12:38.389+0000] {taskinstance.py:2614} INFO - Dependencies all met for dep_context=requeueable deps ti=<TaskInstance: breast_cancer_ml_pipeline.evaluate_model manual__2025-06-17T19:12:23.474875+00:00 [queued]>
[2025-06-17T19:12:38.390+0000] {taskinstance.py:2867} INFO - Starting attempt 1 of 3
[2025-06-17T19:12:38.402+0000] {taskinstance.py:2890} INFO - Executing <Task(PythonOperator): evaluate_model> on 2025-06-17 19:12:23.474875+00:00
[2025-06-17T19:12:38.413+0000] {standard_task_runner.py:104} INFO - Running: ['***', 'tasks', 'run', 'breast_cancer_ml_pipeline', 'evaluate_model', 'manual__2025-06-17T19:12:23.474875+00:00', '--job-id', '7', '--raw', '--subdir', 'DAGS_FOLDER/ml_pipeline_dag.py', '--cfg-path', '/tmp/tmp_3vkoq4y']
[2025-06-17T19:12:38.417+0000] {standard_task_runner.py:105} INFO - Job 7: Subtask evaluate_model
[2025-06-17T19:12:38.417+0000] {logging_mixin.py:190} WARNING - /home/***/.local/lib/python3.12/site-packages/***/task/task_runner/standard_task_runner.py:70 DeprecationWarning: This process (pid=670) is multi-threaded, use of fork() may lead to deadlocks in the child.
[2025-06-17T19:12:38.420+0000] {standard_task_runner.py:72} INFO - Started process 704 to run task
[2025-06-17T19:12:38.464+0000] {task_command.py:467} INFO - Running <TaskInstance: breast_cancer_ml_pipeline.evaluate_model manual__2025-06-17T19:12:23.474875+00:00 [running]> on host c0169c9bc5ba
[2025-06-17T19:12:38.541+0000] {taskinstance.py:3134} INFO - Exporting env vars: AIRFLOW_CTX_DAG_EMAIL='admin@example.com' AIRFLOW_CTX_DAG_OWNER='data-engineer' AIRFLOW_CTX_DAG_ID='breast_cancer_ml_pipeline' AIRFLOW_CTX_TASK_ID='evaluate_model' AIRFLOW_CTX_EXECUTION_DATE='2025-06-17T19:12:23.474875+00:00' AIRFLOW_CTX_TRY_NUMBER='1' AIRFLOW_CTX_DAG_RUN_ID='manual__2025-06-17T19:12:23.474875+00:00'
[2025-06-17T19:12:38.543+0000] {taskinstance.py:732} INFO - ::endgroup::
[2025-06-17T19:12:38.559+0000] {logging_mixin.py:190} INFO - Рабочая директория установлена в: /opt/***
[2025-06-17T19:12:38.560+0000] {ml_pipeline_dag.py:352} INFO - === НАЧАЛО ОЦЕНКИ МОДЕЛИ ===
[2025-06-17T19:12:38.580+0000] {ml_pipeline_dag.py:401} INFO -  Получены данные через XCom:
[2025-06-17T19:12:38.580+0000] {ml_pipeline_dag.py:402} INFO -    - Путь к модели: results/models/current_model.joblib
[2025-06-17T19:12:38.580+0000] {ml_pipeline_dag.py:403} INFO -    - Тестовые данные: (114, 30)
[2025-06-17T19:12:38.581+0000] {ml_pipeline_dag.py:404} INFO -    - Тип модели: LogisticRegression
[2025-06-17T19:12:38.593+0000] {metrics_calculator.py:348} INFO - Начало полной оценки модели
[2025-06-17T19:12:38.595+0000] {metrics_calculator.py:69} INFO - Расчет основных метрик классификации
[2025-06-17T19:12:38.614+0000] {metrics_calculator.py:90} INFO - Основные метрики:
[2025-06-17T19:12:38.616+0000] {metrics_calculator.py:92} INFO -   accuracy: 0.9737
[2025-06-17T19:12:38.616+0000] {metrics_calculator.py:92} INFO -   precision: 0.9737
[2025-06-17T19:12:38.617+0000] {metrics_calculator.py:92} INFO -   recall: 0.9737
[2025-06-17T19:12:38.617+0000] {metrics_calculator.py:92} INFO -   f1_score: 0.9736
[2025-06-17T19:12:38.617+0000] {metrics_calculator.py:92} INFO -   precision_macro: 0.9741
[2025-06-17T19:12:38.618+0000] {metrics_calculator.py:92} INFO -   recall_macro: 0.9692
[2025-06-17T19:12:38.618+0000] {metrics_calculator.py:92} INFO -   f1_score_macro: 0.9716
[2025-06-17T19:12:38.618+0000] {metrics_calculator.py:92} INFO -   precision_binary: 0.9756
[2025-06-17T19:12:38.618+0000] {metrics_calculator.py:92} INFO -   recall_binary: 0.9524
[2025-06-17T19:12:38.619+0000] {metrics_calculator.py:92} INFO -   f1_score_binary: 0.9639
[2025-06-17T19:12:38.619+0000] {metrics_calculator.py:107} INFO - Расчет метрик на основе вероятностей
[2025-06-17T19:12:38.624+0000] {metrics_calculator.py:141} INFO - Вероятностные метрики:
[2025-06-17T19:12:38.624+0000] {metrics_calculator.py:144} INFO -   roc_auc: 0.9960
[2025-06-17T19:12:38.624+0000] {metrics_calculator.py:159} INFO - Расчет матрицы ошибок
[2025-06-17T19:12:38.633+0000] {metrics_calculator.py:187} INFO - Матрица ошибок рассчитана. Форма: (2, 2)
[2025-06-17T19:12:38.634+0000] {metrics_calculator.py:189} INFO -   Истинно положительные: 40
[2025-06-17T19:12:38.635+0000] {metrics_calculator.py:190} INFO -   Истинно отрицательные: 71
[2025-06-17T19:12:38.635+0000] {metrics_calculator.py:191} INFO -   Ложно положительные: 1
[2025-06-17T19:12:38.635+0000] {metrics_calculator.py:192} INFO -   Ложно отрицательные: 2
[2025-06-17T19:12:38.636+0000] {metrics_calculator.py:193} INFO -   Чувствительность: 0.9524
[2025-06-17T19:12:38.636+0000] {metrics_calculator.py:194} INFO -   Специфичность: 0.9861
[2025-06-17T19:12:38.636+0000] {metrics_calculator.py:208} INFO - Создание визуализации матрицы ошибок
[2025-06-17T19:12:38.755+0000] {font_manager.py:1431} WARNING - findfont: Font family 'Arial Unicode MS' not found.
[2025-06-17T19:12:38.775+0000] {font_manager.py:1431} WARNING - findfont: Font family 'Arial Unicode MS' not found.
[2025-06-17T19:12:38.779+0000] {font_manager.py:1431} WARNING - findfont: Font family 'Arial Unicode MS' not found.
[2025-06-17T19:12:38.786+0000] {font_manager.py:1431} WARNING - findfont: Font family 'Arial Unicode MS' not found.
[2025-06-17T19:12:38.790+0000] {font_manager.py:1431} WARNING - findfont: Font family 'Arial Unicode MS' not found.
[2025-06-17T19:12:38.800+0000] {font_manager.py:1431} WARNING - findfont: Font family 'Arial Unicode MS' not found.
[2025-06-17T19:12:38.802+0000] {font_manager.py:1431} WARNING - findfont: Font family 'Arial Unicode MS' not found.
[2025-06-17T19:12:38.809+0000] {font_manager.py:1431} WARNING - findfont: Font family 'Arial Unicode MS' not found.
[2025-06-17T19:12:38.810+0000] {font_manager.py:1431} WARNING - findfont: Font family 'Arial Unicode MS' not found.
[2025-06-17T19:12:38.811+0000] {font_manager.py:1431} WARNING - findfont: Font family 'Arial Unicode MS' not found.
[2025-06-17T19:12:38.812+0000] {font_manager.py:1431} WARNING - findfont: Font family 'Arial Unicode MS' not found.
[2025-06-17T19:12:38.813+0000] {font_manager.py:1431} WARNING - findfont: Font family 'Arial Unicode MS' not found.
[2025-06-17T19:12:38.814+0000] {font_manager.py:1431} WARNING - findfont: Font family 'Arial Unicode MS' not found.
[2025-06-17T19:12:38.818+0000] {font_manager.py:1431} WARNING - findfont: Font family 'Arial Unicode MS' not found.
[2025-06-17T19:12:38.820+0000] {font_manager.py:1431} WARNING - findfont: Font family 'Arial Unicode MS' not found.
[2025-06-17T19:12:38.822+0000] {font_manager.py:1431} WARNING - findfont: Font family 'Arial Unicode MS' not found.
[2025-06-17T19:12:38.823+0000] {font_manager.py:1431} WARNING - findfont: Font family 'Arial Unicode MS' not found.
[2025-06-17T19:12:38.824+0000] {font_manager.py:1431} WARNING - findfont: Font family 'Arial Unicode MS' not found.
[2025-06-17T19:12:38.825+0000] {font_manager.py:1431} WARNING - findfont: Font family 'Arial Unicode MS' not found.
[2025-06-17T19:12:38.836+0000] {font_manager.py:1431} WARNING - findfont: Font family 'Arial Unicode MS' not found.
[2025-06-17T19:12:38.838+0000] {font_manager.py:1431} WARNING - findfont: Font family 'Arial Unicode MS' not found.
[2025-06-17T19:12:38.839+0000] {font_manager.py:1431} WARNING - findfont: Font family 'Arial Unicode MS' not found.
[2025-06-17T19:12:38.840+0000] {font_manager.py:1431} WARNING - findfont: Font family 'Arial Unicode MS' not found.
[2025-06-17T19:12:38.841+0000] {font_manager.py:1431} WARNING - findfont: Font family 'Arial Unicode MS' not found.
[2025-06-17T19:12:38.842+0000] {font_manager.py:1431} WARNING - findfont: Font family 'Arial Unicode MS' not found.
[2025-06-17T19:12:38.857+0000] {font_manager.py:1431} WARNING - findfont: Font family 'Arial Unicode MS' not found.
[2025-06-17T19:12:38.858+0000] {font_manager.py:1431} WARNING - findfont: Font family 'Arial Unicode MS' not found.
[2025-06-17T19:12:38.858+0000] {font_manager.py:1431} WARNING - findfont: Font family 'Arial Unicode MS' not found.
[2025-06-17T19:12:38.859+0000] {font_manager.py:1431} WARNING - findfont: Font family 'Arial Unicode MS' not found.
[2025-06-17T19:12:38.860+0000] {font_manager.py:1431} WARNING - findfont: Font family 'Arial Unicode MS' not found.
[2025-06-17T19:12:38.861+0000] {font_manager.py:1431} WARNING - findfont: Font family 'Arial Unicode MS' not found.
[2025-06-17T19:12:38.862+0000] {font_manager.py:1431} WARNING - findfont: Font family 'Arial Unicode MS' not found.
[2025-06-17T19:12:38.863+0000] {font_manager.py:1431} WARNING - findfont: Font family 'Arial Unicode MS' not found.
[2025-06-17T19:12:38.864+0000] {font_manager.py:1431} WARNING - findfont: Font family 'Arial Unicode MS' not found.
[2025-06-17T19:12:38.865+0000] {font_manager.py:1431} WARNING - findfont: Font family 'Arial Unicode MS' not found.
[2025-06-17T19:12:38.867+0000] {font_manager.py:1431} WARNING - findfont: Font family 'Arial Unicode MS' not found.
[2025-06-17T19:12:38.868+0000] {font_manager.py:1431} WARNING - findfont: Font family 'Arial Unicode MS' not found.
[2025-06-17T19:12:38.869+0000] {font_manager.py:1431} WARNING - findfont: Font family 'Arial Unicode MS' not found.
[2025-06-17T19:12:38.870+0000] {font_manager.py:1431} WARNING - findfont: Font family 'Arial Unicode MS' not found.
[2025-06-17T19:12:38.894+0000] {font_manager.py:1431} WARNING - findfont: Font family 'Arial Unicode MS' not found.
[2025-06-17T19:12:38.897+0000] {font_manager.py:1431} WARNING - findfont: Font family 'Arial Unicode MS' not found.
[2025-06-17T19:12:38.898+0000] {font_manager.py:1431} WARNING - findfont: Font family 'Arial Unicode MS' not found.
[2025-06-17T19:12:38.902+0000] {font_manager.py:1431} WARNING - findfont: Font family 'Arial Unicode MS' not found.
[2025-06-17T19:12:38.903+0000] {font_manager.py:1431} WARNING - findfont: Font family 'Arial Unicode MS' not found.
[2025-06-17T19:12:38.904+0000] {font_manager.py:1431} WARNING - findfont: Font family 'Arial Unicode MS' not found.
[2025-06-17T19:12:38.906+0000] {font_manager.py:1431} WARNING - findfont: Font family 'Arial Unicode MS' not found.
[2025-06-17T19:12:38.908+0000] {font_manager.py:1431} WARNING - findfont: Font family 'Arial Unicode MS' not found.
[2025-06-17T19:12:38.909+0000] {font_manager.py:1431} WARNING - findfont: Font family 'Arial Unicode MS' not found.
[2025-06-17T19:12:38.910+0000] {font_manager.py:1431} WARNING - findfont: Font family 'Arial Unicode MS' not found.
[2025-06-17T19:12:38.911+0000] {font_manager.py:1431} WARNING - findfont: Font family 'Arial Unicode MS' not found.
[2025-06-17T19:12:38.912+0000] {font_manager.py:1431} WARNING - findfont: Font family 'Arial Unicode MS' not found.
[2025-06-17T19:12:38.913+0000] {font_manager.py:1431} WARNING - findfont: Font family 'Arial Unicode MS' not found.
[2025-06-17T19:12:38.914+0000] {font_manager.py:1431} WARNING - findfont: Font family 'Arial Unicode MS' not found.
[2025-06-17T19:12:38.915+0000] {font_manager.py:1431} WARNING - findfont: Font family 'Arial Unicode MS' not found.
[2025-06-17T19:12:38.916+0000] {font_manager.py:1431} WARNING - findfont: Font family 'Arial Unicode MS' not found.
[2025-06-17T19:12:38.917+0000] {font_manager.py:1431} WARNING - findfont: Font family 'Arial Unicode MS' not found.
[2025-06-17T19:12:38.921+0000] {font_manager.py:1431} WARNING - findfont: Font family 'Arial Unicode MS' not found.
[2025-06-17T19:12:38.922+0000] {font_manager.py:1431} WARNING - findfont: Font family 'Arial Unicode MS' not found.
[2025-06-17T19:12:38.924+0000] {font_manager.py:1431} WARNING - findfont: Font family 'Arial Unicode MS' not found.
[2025-06-17T19:12:38.925+0000] {font_manager.py:1431} WARNING - findfont: Font family 'Arial Unicode MS' not found.
[2025-06-17T19:12:38.931+0000] {font_manager.py:1431} WARNING - findfont: Font family 'Arial Unicode MS' not found.
[2025-06-17T19:12:38.933+0000] {font_manager.py:1431} WARNING - findfont: Font family 'Arial Unicode MS' not found.
[2025-06-17T19:12:38.934+0000] {font_manager.py:1431} WARNING - findfont: Font family 'Arial Unicode MS' not found.
[2025-06-17T19:12:38.935+0000] {font_manager.py:1431} WARNING - findfont: Font family 'Arial Unicode MS' not found.
[2025-06-17T19:12:38.936+0000] {font_manager.py:1431} WARNING - findfont: Font family 'Arial Unicode MS' not found.
[2025-06-17T19:12:38.937+0000] {font_manager.py:1431} WARNING - findfont: Font family 'Arial Unicode MS' not found.
[2025-06-17T19:12:38.938+0000] {font_manager.py:1431} WARNING - findfont: Font family 'Arial Unicode MS' not found.
[2025-06-17T19:12:38.951+0000] {font_manager.py:1431} WARNING - findfont: Font family 'Arial Unicode MS' not found.
[2025-06-17T19:12:38.952+0000] {font_manager.py:1431} WARNING - findfont: Font family 'Arial Unicode MS' not found.
[2025-06-17T19:12:38.953+0000] {font_manager.py:1431} WARNING - findfont: Font family 'Arial Unicode MS' not found.
[2025-06-17T19:12:38.954+0000] {font_manager.py:1431} WARNING - findfont: Font family 'Arial Unicode MS' not found.
[2025-06-17T19:12:38.980+0000] {font_manager.py:1431} WARNING - findfont: Font family 'Arial Unicode MS' not found.
[2025-06-17T19:12:38.983+0000] {font_manager.py:1431} WARNING - findfont: Font family 'Arial Unicode MS' not found.
[2025-06-17T19:12:38.985+0000] {font_manager.py:1431} WARNING - findfont: Font family 'Arial Unicode MS' not found.
[2025-06-17T19:12:38.986+0000] {font_manager.py:1431} WARNING - findfont: Font family 'Arial Unicode MS' not found.
[2025-06-17T19:12:38.987+0000] {font_manager.py:1431} WARNING - findfont: Font family 'Arial Unicode MS' not found.
[2025-06-17T19:12:39.008+0000] {font_manager.py:1431} WARNING - findfont: Font family 'Arial Unicode MS' not found.
[2025-06-17T19:12:39.009+0000] {font_manager.py:1431} WARNING - findfont: Font family 'Arial Unicode MS' not found.
[2025-06-17T19:12:39.010+0000] {font_manager.py:1431} WARNING - findfont: Font family 'Arial Unicode MS' not found.
[2025-06-17T19:12:39.013+0000] {font_manager.py:1431} WARNING - findfont: Font family 'Arial Unicode MS' not found.
[2025-06-17T19:12:39.014+0000] {font_manager.py:1431} WARNING - findfont: Font family 'Arial Unicode MS' not found.
[2025-06-17T19:12:39.015+0000] {font_manager.py:1431} WARNING - findfont: Font family 'Arial Unicode MS' not found.
[2025-06-17T19:12:39.021+0000] {font_manager.py:1431} WARNING - findfont: Font family 'Arial Unicode MS' not found.
[2025-06-17T19:12:39.025+0000] {font_manager.py:1431} WARNING - findfont: Font family 'Arial Unicode MS' not found.
[2025-06-17T19:12:39.027+0000] {font_manager.py:1431} WARNING - findfont: Font family 'Arial Unicode MS' not found.
[2025-06-17T19:12:39.028+0000] {font_manager.py:1431} WARNING - findfont: Font family 'Arial Unicode MS' not found.
[2025-06-17T19:12:39.031+0000] {font_manager.py:1431} WARNING - findfont: Font family 'Arial Unicode MS' not found.
[2025-06-17T19:12:39.039+0000] {font_manager.py:1431} WARNING - findfont: Font family 'Arial Unicode MS' not found.
[2025-06-17T19:12:39.040+0000] {font_manager.py:1431} WARNING - findfont: Font family 'Arial Unicode MS' not found.
[2025-06-17T19:12:39.041+0000] {font_manager.py:1431} WARNING - findfont: Font family 'Arial Unicode MS' not found.
[2025-06-17T19:12:39.042+0000] {font_manager.py:1431} WARNING - findfont: Font family 'Arial Unicode MS' not found.
[2025-06-17T19:12:39.046+0000] {font_manager.py:1431} WARNING - findfont: Font family 'Arial Unicode MS' not found.
[2025-06-17T19:12:39.047+0000] {font_manager.py:1431} WARNING - findfont: Font family 'Arial Unicode MS' not found.
[2025-06-17T19:12:39.049+0000] {font_manager.py:1431} WARNING - findfont: Font family 'Arial Unicode MS' not found.
[2025-06-17T19:12:39.051+0000] {font_manager.py:1431} WARNING - findfont: Font family 'Arial Unicode MS' not found.
[2025-06-17T19:12:39.052+0000] {font_manager.py:1431} WARNING - findfont: Font family 'Arial Unicode MS' not found.
[2025-06-17T19:12:39.053+0000] {font_manager.py:1431} WARNING - findfont: Font family 'Arial Unicode MS' not found.
[2025-06-17T19:12:39.062+0000] {font_manager.py:1431} WARNING - findfont: Font family 'Arial Unicode MS' not found.
[2025-06-17T19:12:39.063+0000] {font_manager.py:1431} WARNING - findfont: Font family 'Arial Unicode MS' not found.
[2025-06-17T19:12:39.064+0000] {font_manager.py:1431} WARNING - findfont: Font family 'Arial Unicode MS' not found.
[2025-06-17T19:12:39.066+0000] {font_manager.py:1431} WARNING - findfont: Font family 'Arial Unicode MS' not found.
[2025-06-17T19:12:39.113+0000] {font_manager.py:1431} WARNING - findfont: Font family 'Arial Unicode MS' not found.
[2025-06-17T19:12:39.114+0000] {font_manager.py:1431} WARNING - findfont: Font family 'Arial Unicode MS' not found.
[2025-06-17T19:12:39.116+0000] {font_manager.py:1431} WARNING - findfont: Font family 'Arial Unicode MS' not found.
[2025-06-17T19:12:39.118+0000] {font_manager.py:1431} WARNING - findfont: Font family 'Arial Unicode MS' not found.
[2025-06-17T19:12:39.119+0000] {font_manager.py:1431} WARNING - findfont: Font family 'Arial Unicode MS' not found.
[2025-06-17T19:12:39.120+0000] {font_manager.py:1431} WARNING - findfont: Font family 'Arial Unicode MS' not found.
[2025-06-17T19:12:39.126+0000] {font_manager.py:1431} WARNING - findfont: Font family 'Arial Unicode MS' not found.
[2025-06-17T19:12:39.128+0000] {font_manager.py:1431} WARNING - findfont: Font family 'Arial Unicode MS' not found.
[2025-06-17T19:12:39.130+0000] {font_manager.py:1431} WARNING - findfont: Font family 'Arial Unicode MS' not found.
[2025-06-17T19:12:39.132+0000] {font_manager.py:1431} WARNING - findfont: Font family 'Arial Unicode MS' not found.
[2025-06-17T19:12:39.135+0000] {font_manager.py:1431} WARNING - findfont: Font family 'Arial Unicode MS' not found.
[2025-06-17T19:12:39.136+0000] {font_manager.py:1431} WARNING - findfont: Font family 'Arial Unicode MS' not found.
[2025-06-17T19:12:39.139+0000] {font_manager.py:1431} WARNING - findfont: Font family 'Arial Unicode MS' not found.
[2025-06-17T19:12:39.141+0000] {font_manager.py:1431} WARNING - findfont: Font family 'Arial Unicode MS' not found.
[2025-06-17T19:12:39.142+0000] {font_manager.py:1431} WARNING - findfont: Font family 'Arial Unicode MS' not found.
[2025-06-17T19:12:39.143+0000] {font_manager.py:1431} WARNING - findfont: Font family 'Arial Unicode MS' not found.
[2025-06-17T19:12:39.144+0000] {font_manager.py:1431} WARNING - findfont: Font family 'Arial Unicode MS' not found.
[2025-06-17T19:12:39.145+0000] {font_manager.py:1431} WARNING - findfont: Font family 'Arial Unicode MS' not found.
[2025-06-17T19:12:39.146+0000] {font_manager.py:1431} WARNING - findfont: Font family 'Arial Unicode MS' not found.
[2025-06-17T19:12:39.147+0000] {font_manager.py:1431} WARNING - findfont: Font family 'Arial Unicode MS' not found.
[2025-06-17T19:12:39.149+0000] {font_manager.py:1431} WARNING - findfont: Font family 'Arial Unicode MS' not found.
[2025-06-17T19:12:39.153+0000] {font_manager.py:1431} WARNING - findfont: Font family 'Arial Unicode MS' not found.
[2025-06-17T19:12:39.159+0000] {font_manager.py:1431} WARNING - findfont: Font family 'Arial Unicode MS' not found.
[2025-06-17T19:12:39.160+0000] {font_manager.py:1431} WARNING - findfont: Font family 'Arial Unicode MS' not found.
[2025-06-17T19:12:39.162+0000] {font_manager.py:1431} WARNING - findfont: Font family 'Arial Unicode MS' not found.
[2025-06-17T19:12:39.164+0000] {font_manager.py:1431} WARNING - findfont: Font family 'Arial Unicode MS' not found.
[2025-06-17T19:12:39.166+0000] {font_manager.py:1431} WARNING - findfont: Font family 'Arial Unicode MS' not found.
[2025-06-17T19:12:39.168+0000] {font_manager.py:1431} WARNING - findfont: Font family 'Arial Unicode MS' not found.
[2025-06-17T19:12:39.169+0000] {font_manager.py:1431} WARNING - findfont: Font family 'Arial Unicode MS' not found.
[2025-06-17T19:12:39.170+0000] {font_manager.py:1431} WARNING - findfont: Font family 'Arial Unicode MS' not found.
[2025-06-17T19:12:39.171+0000] {font_manager.py:1431} WARNING - findfont: Font family 'Arial Unicode MS' not found.
[2025-06-17T19:12:39.172+0000] {font_manager.py:1431} WARNING - findfont: Font family 'Arial Unicode MS' not found.
[2025-06-17T19:12:39.173+0000] {font_manager.py:1431} WARNING - findfont: Font family 'Arial Unicode MS' not found.
[2025-06-17T19:12:39.173+0000] {font_manager.py:1431} WARNING - findfont: Font family 'Arial Unicode MS' not found.
[2025-06-17T19:12:39.174+0000] {font_manager.py:1431} WARNING - findfont: Font family 'Arial Unicode MS' not found.
[2025-06-17T19:12:39.175+0000] {font_manager.py:1431} WARNING - findfont: Font family 'Arial Unicode MS' not found.
[2025-06-17T19:12:39.176+0000] {font_manager.py:1431} WARNING - findfont: Font family 'Arial Unicode MS' not found.
[2025-06-17T19:12:39.180+0000] {font_manager.py:1431} WARNING - findfont: Font family 'Arial Unicode MS' not found.
[2025-06-17T19:12:39.181+0000] {font_manager.py:1431} WARNING - findfont: Font family 'Arial Unicode MS' not found.
[2025-06-17T19:12:39.182+0000] {font_manager.py:1431} WARNING - findfont: Font family 'Arial Unicode MS' not found.
[2025-06-17T19:12:39.183+0000] {font_manager.py:1431} WARNING - findfont: Font family 'Arial Unicode MS' not found.
[2025-06-17T19:12:39.184+0000] {font_manager.py:1431} WARNING - findfont: Font family 'Arial Unicode MS' not found.
[2025-06-17T19:12:39.185+0000] {font_manager.py:1431} WARNING - findfont: Font family 'Arial Unicode MS' not found.
[2025-06-17T19:12:39.186+0000] {font_manager.py:1431} WARNING - findfont: Font family 'Arial Unicode MS' not found.
[2025-06-17T19:12:39.187+0000] {font_manager.py:1431} WARNING - findfont: Font family 'Arial Unicode MS' not found.
[2025-06-17T19:12:39.188+0000] {font_manager.py:1431} WARNING - findfont: Font family 'Arial Unicode MS' not found.
[2025-06-17T19:12:39.189+0000] {font_manager.py:1431} WARNING - findfont: Font family 'Arial Unicode MS' not found.
[2025-06-17T19:12:39.190+0000] {font_manager.py:1431} WARNING - findfont: Font family 'Arial Unicode MS' not found.
[2025-06-17T19:12:39.191+0000] {font_manager.py:1431} WARNING - findfont: Font family 'Arial Unicode MS' not found.
[2025-06-17T19:12:39.193+0000] {font_manager.py:1431} WARNING - findfont: Font family 'Arial Unicode MS' not found.
[2025-06-17T19:12:39.201+0000] {font_manager.py:1431} WARNING - findfont: Font family 'Arial Unicode MS' not found.
[2025-06-17T19:12:39.202+0000] {font_manager.py:1431} WARNING - findfont: Font family 'Arial Unicode MS' not found.
[2025-06-17T19:12:39.202+0000] {font_manager.py:1431} WARNING - findfont: Font family 'Arial Unicode MS' not found.
[2025-06-17T19:12:39.203+0000] {font_manager.py:1431} WARNING - findfont: Font family 'Arial Unicode MS' not found.
[2025-06-17T19:12:39.204+0000] {font_manager.py:1431} WARNING - findfont: Font family 'Arial Unicode MS' not found.
[2025-06-17T19:12:39.205+0000] {font_manager.py:1431} WARNING - findfont: Font family 'Arial Unicode MS' not found.
[2025-06-17T19:12:39.207+0000] {font_manager.py:1431} WARNING - findfont: Font family 'Arial Unicode MS' not found.
[2025-06-17T19:12:39.208+0000] {font_manager.py:1431} WARNING - findfont: Font family 'Arial Unicode MS' not found.
[2025-06-17T19:12:39.439+0000] {font_manager.py:1431} WARNING - findfont: Font family 'Arial Unicode MS' not found.
[2025-06-17T19:12:39.440+0000] {font_manager.py:1431} WARNING - findfont: Font family 'Arial Unicode MS' not found.
[2025-06-17T19:12:39.441+0000] {font_manager.py:1431} WARNING - findfont: Font family 'Arial Unicode MS' not found.
[2025-06-17T19:12:39.443+0000] {font_manager.py:1431} WARNING - findfont: Font family 'Arial Unicode MS' not found.
[2025-06-17T19:12:39.444+0000] {font_manager.py:1431} WARNING - findfont: Font family 'Arial Unicode MS' not found.
[2025-06-17T19:12:39.445+0000] {font_manager.py:1431} WARNING - findfont: Font family 'Arial Unicode MS' not found.
[2025-06-17T19:12:39.453+0000] {font_manager.py:1431} WARNING - findfont: Font family 'Arial Unicode MS' not found.
[2025-06-17T19:12:39.455+0000] {font_manager.py:1431} WARNING - findfont: Font family 'Arial Unicode MS' not found.
[2025-06-17T19:12:39.459+0000] {font_manager.py:1431} WARNING - findfont: Font family 'Arial Unicode MS' not found.
[2025-06-17T19:12:39.461+0000] {font_manager.py:1431} WARNING - findfont: Font family 'Arial Unicode MS' not found.
[2025-06-17T19:12:39.465+0000] {font_manager.py:1431} WARNING - findfont: Font family 'Arial Unicode MS' not found.
[2025-06-17T19:12:39.468+0000] {font_manager.py:1431} WARNING - findfont: Font family 'Arial Unicode MS' not found.
[2025-06-17T19:12:39.470+0000] {font_manager.py:1431} WARNING - findfont: Font family 'Arial Unicode MS' not found.
[2025-06-17T19:12:39.472+0000] {font_manager.py:1431} WARNING - findfont: Font family 'Arial Unicode MS' not found.
[2025-06-17T19:12:39.473+0000] {font_manager.py:1431} WARNING - findfont: Font family 'Arial Unicode MS' not found.
[2025-06-17T19:12:39.474+0000] {font_manager.py:1431} WARNING - findfont: Font family 'Arial Unicode MS' not found.
[2025-06-17T19:12:39.475+0000] {font_manager.py:1431} WARNING - findfont: Font family 'Arial Unicode MS' not found.
[2025-06-17T19:12:39.476+0000] {font_manager.py:1431} WARNING - findfont: Font family 'Arial Unicode MS' not found.
[2025-06-17T19:12:39.477+0000] {font_manager.py:1431} WARNING - findfont: Font family 'Arial Unicode MS' not found.
[2025-06-17T19:12:39.478+0000] {font_manager.py:1431} WARNING - findfont: Font family 'Arial Unicode MS' not found.
[2025-06-17T19:12:39.479+0000] {font_manager.py:1431} WARNING - findfont: Font family 'Arial Unicode MS' not found.
[2025-06-17T19:12:39.486+0000] {font_manager.py:1431} WARNING - findfont: Font family 'Arial Unicode MS' not found.
[2025-06-17T19:12:39.492+0000] {font_manager.py:1431} WARNING - findfont: Font family 'Arial Unicode MS' not found.
[2025-06-17T19:12:39.494+0000] {font_manager.py:1431} WARNING - findfont: Font family 'Arial Unicode MS' not found.
[2025-06-17T19:12:39.497+0000] {font_manager.py:1431} WARNING - findfont: Font family 'Arial Unicode MS' not found.
[2025-06-17T19:12:39.502+0000] {font_manager.py:1431} WARNING - findfont: Font family 'Arial Unicode MS' not found.
[2025-06-17T19:12:39.503+0000] {font_manager.py:1431} WARNING - findfont: Font family 'Arial Unicode MS' not found.
[2025-06-17T19:12:39.507+0000] {font_manager.py:1431} WARNING - findfont: Font family 'Arial Unicode MS' not found.
[2025-06-17T19:12:39.508+0000] {font_manager.py:1431} WARNING - findfont: Font family 'Arial Unicode MS' not found.
[2025-06-17T19:12:39.510+0000] {font_manager.py:1431} WARNING - findfont: Font family 'Arial Unicode MS' not found.
[2025-06-17T19:12:39.511+0000] {font_manager.py:1431} WARNING - findfont: Font family 'Arial Unicode MS' not found.
[2025-06-17T19:12:39.512+0000] {font_manager.py:1431} WARNING - findfont: Font family 'Arial Unicode MS' not found.
[2025-06-17T19:12:39.513+0000] {font_manager.py:1431} WARNING - findfont: Font family 'Arial Unicode MS' not found.
[2025-06-17T19:12:39.514+0000] {font_manager.py:1431} WARNING - findfont: Font family 'Arial Unicode MS' not found.
[2025-06-17T19:12:39.516+0000] {font_manager.py:1431} WARNING - findfont: Font family 'Arial Unicode MS' not found.
[2025-06-17T19:12:39.517+0000] {font_manager.py:1431} WARNING - findfont: Font family 'Arial Unicode MS' not found.
[2025-06-17T19:12:39.518+0000] {font_manager.py:1431} WARNING - findfont: Font family 'Arial Unicode MS' not found.
[2025-06-17T19:12:39.523+0000] {font_manager.py:1431} WARNING - findfont: Font family 'Arial Unicode MS' not found.
[2025-06-17T19:12:39.525+0000] {font_manager.py:1431} WARNING - findfont: Font family 'Arial Unicode MS' not found.
[2025-06-17T19:12:39.526+0000] {font_manager.py:1431} WARNING - findfont: Font family 'Arial Unicode MS' not found.
[2025-06-17T19:12:39.528+0000] {font_manager.py:1431} WARNING - findfont: Font family 'Arial Unicode MS' not found.
[2025-06-17T19:12:39.529+0000] {font_manager.py:1431} WARNING - findfont: Font family 'Arial Unicode MS' not found.
[2025-06-17T19:12:39.531+0000] {font_manager.py:1431} WARNING - findfont: Font family 'Arial Unicode MS' not found.
[2025-06-17T19:12:39.533+0000] {font_manager.py:1431} WARNING - findfont: Font family 'Arial Unicode MS' not found.
[2025-06-17T19:12:39.535+0000] {font_manager.py:1431} WARNING - findfont: Font family 'Arial Unicode MS' not found.
[2025-06-17T19:12:39.537+0000] {font_manager.py:1431} WARNING - findfont: Font family 'Arial Unicode MS' not found.
[2025-06-17T19:12:39.538+0000] {font_manager.py:1431} WARNING - findfont: Font family 'Arial Unicode MS' not found.
[2025-06-17T19:12:39.539+0000] {font_manager.py:1431} WARNING - findfont: Font family 'Arial Unicode MS' not found.
[2025-06-17T19:12:39.541+0000] {font_manager.py:1431} WARNING - findfont: Font family 'Arial Unicode MS' not found.
[2025-06-17T19:12:39.542+0000] {font_manager.py:1431} WARNING - findfont: Font family 'Arial Unicode MS' not found.
[2025-06-17T19:12:39.549+0000] {font_manager.py:1431} WARNING - findfont: Font family 'Arial Unicode MS' not found.
[2025-06-17T19:12:39.551+0000] {font_manager.py:1431} WARNING - findfont: Font family 'Arial Unicode MS' not found.
[2025-06-17T19:12:39.552+0000] {font_manager.py:1431} WARNING - findfont: Font family 'Arial Unicode MS' not found.
[2025-06-17T19:12:39.553+0000] {font_manager.py:1431} WARNING - findfont: Font family 'Arial Unicode MS' not found.
[2025-06-17T19:12:39.555+0000] {font_manager.py:1431} WARNING - findfont: Font family 'Arial Unicode MS' not found.
[2025-06-17T19:12:39.556+0000] {font_manager.py:1431} WARNING - findfont: Font family 'Arial Unicode MS' not found.
[2025-06-17T19:12:39.557+0000] {font_manager.py:1431} WARNING - findfont: Font family 'Arial Unicode MS' not found.
[2025-06-17T19:12:39.559+0000] {font_manager.py:1431} WARNING - findfont: Font family 'Arial Unicode MS' not found.
[2025-06-17T19:12:39.565+0000] {metrics_calculator.py:236} INFO - Матрица ошибок сохранена: results/confusion_matrix.png
[2025-06-17T19:12:39.566+0000] {metrics_calculator.py:252} INFO - Создание ROC-кривой
[2025-06-17T19:12:39.606+0000] {font_manager.py:1431} WARNING - findfont: Font family 'Arial Unicode MS' not found.
[2025-06-17T19:12:39.608+0000] {font_manager.py:1431} WARNING - findfont: Font family 'Arial Unicode MS' not found.
[2025-06-17T19:12:39.609+0000] {font_manager.py:1431} WARNING - findfont: Font family 'Arial Unicode MS' not found.
[2025-06-17T19:12:39.610+0000] {font_manager.py:1431} WARNING - findfont: Font family 'Arial Unicode MS' not found.
[2025-06-17T19:12:39.611+0000] {font_manager.py:1431} WARNING - findfont: Font family 'Arial Unicode MS' not found.
[2025-06-17T19:12:39.612+0000] {font_manager.py:1431} WARNING - findfont: Font family 'Arial Unicode MS' not found.
[2025-06-17T19:12:39.613+0000] {font_manager.py:1431} WARNING - findfont: Font family 'Arial Unicode MS' not found.
[2025-06-17T19:12:39.617+0000] {font_manager.py:1431} WARNING - findfont: Font family 'Arial Unicode MS' not found.
[2025-06-17T19:12:39.621+0000] {font_manager.py:1431} WARNING - findfont: Font family 'Arial Unicode MS' not found.
[2025-06-17T19:12:39.622+0000] {font_manager.py:1431} WARNING - findfont: Font family 'Arial Unicode MS' not found.
[2025-06-17T19:12:39.637+0000] {font_manager.py:1431} WARNING - findfont: Font family 'Arial Unicode MS' not found.
[2025-06-17T19:12:39.652+0000] {font_manager.py:1431} WARNING - findfont: Font family 'Arial Unicode MS' not found.
[2025-06-17T19:12:39.656+0000] {font_manager.py:1431} WARNING - findfont: Font family 'Arial Unicode MS' not found.
[2025-06-17T19:12:39.702+0000] {font_manager.py:1431} WARNING - findfont: Font family 'Arial Unicode MS' not found.
[2025-06-17T19:12:39.703+0000] {font_manager.py:1431} WARNING - findfont: Font family 'Arial Unicode MS' not found.
[2025-06-17T19:12:39.704+0000] {font_manager.py:1431} WARNING - findfont: Font family 'Arial Unicode MS' not found.
[2025-06-17T19:12:39.705+0000] {font_manager.py:1431} WARNING - findfont: Font family 'Arial Unicode MS' not found.
[2025-06-17T19:12:39.706+0000] {font_manager.py:1431} WARNING - findfont: Font family 'Arial Unicode MS' not found.
[2025-06-17T19:12:39.707+0000] {font_manager.py:1431} WARNING - findfont: Font family 'Arial Unicode MS' not found.
[2025-06-17T19:12:39.708+0000] {font_manager.py:1431} WARNING - findfont: Font family 'Arial Unicode MS' not found.
[2025-06-17T19:12:39.711+0000] {font_manager.py:1431} WARNING - findfont: Font family 'Arial Unicode MS' not found.
[2025-06-17T19:12:39.713+0000] {font_manager.py:1431} WARNING - findfont: Font family 'Arial Unicode MS' not found.
[2025-06-17T19:12:39.714+0000] {font_manager.py:1431} WARNING - findfont: Font family 'Arial Unicode MS' not found.
[2025-06-17T19:12:39.721+0000] {font_manager.py:1431} WARNING - findfont: Font family 'Arial Unicode MS' not found.
[2025-06-17T19:12:39.722+0000] {font_manager.py:1431} WARNING - findfont: Font family 'Arial Unicode MS' not found.
[2025-06-17T19:12:39.724+0000] {font_manager.py:1431} WARNING - findfont: Font family 'Arial Unicode MS' not found.
[2025-06-17T19:12:39.726+0000] {font_manager.py:1431} WARNING - findfont: Font family 'Arial Unicode MS' not found.
[2025-06-17T19:12:39.727+0000] {font_manager.py:1431} WARNING - findfont: Font family 'Arial Unicode MS' not found.
[2025-06-17T19:12:39.729+0000] {font_manager.py:1431} WARNING - findfont: Font family 'Arial Unicode MS' not found.
[2025-06-17T19:12:39.733+0000] {font_manager.py:1431} WARNING - findfont: Font family 'Arial Unicode MS' not found.
[2025-06-17T19:12:39.735+0000] {font_manager.py:1431} WARNING - findfont: Font family 'Arial Unicode MS' not found.
[2025-06-17T19:12:39.741+0000] {font_manager.py:1431} WARNING - findfont: Font family 'Arial Unicode MS' not found.
[2025-06-17T19:12:39.743+0000] {font_manager.py:1431} WARNING - findfont: Font family 'Arial Unicode MS' not found.
[2025-06-17T19:12:39.745+0000] {font_manager.py:1431} WARNING - findfont: Font family 'Arial Unicode MS' not found.
[2025-06-17T19:12:39.748+0000] {font_manager.py:1431} WARNING - findfont: Font family 'Arial Unicode MS' not found.
[2025-06-17T19:12:39.752+0000] {font_manager.py:1431} WARNING - findfont: Font family 'Arial Unicode MS' not found.
[2025-06-17T19:12:39.753+0000] {font_manager.py:1431} WARNING - findfont: Font family 'Arial Unicode MS' not found.
[2025-06-17T19:12:39.757+0000] {font_manager.py:1431} WARNING - findfont: Font family 'Arial Unicode MS' not found.
[2025-06-17T19:12:39.765+0000] {font_manager.py:1431} WARNING - findfont: Font family 'Arial Unicode MS' not found.
[2025-06-17T19:12:39.767+0000] {font_manager.py:1431} WARNING - findfont: Font family 'Arial Unicode MS' not found.
[2025-06-17T19:12:39.768+0000] {font_manager.py:1431} WARNING - findfont: Font family 'Arial Unicode MS' not found.
[2025-06-17T19:12:39.777+0000] {font_manager.py:1431} WARNING - findfont: Font family 'Arial Unicode MS' not found.
[2025-06-17T19:12:39.780+0000] {font_manager.py:1431} WARNING - findfont: Font family 'Arial Unicode MS' not found.
[2025-06-17T19:12:39.981+0000] {font_manager.py:1431} WARNING - findfont: Font family 'Arial Unicode MS' not found.
[2025-06-17T19:12:39.983+0000] {font_manager.py:1431} WARNING - findfont: Font family 'Arial Unicode MS' not found.
[2025-06-17T19:12:39.985+0000] {font_manager.py:1431} WARNING - findfont: Font family 'Arial Unicode MS' not found.
[2025-06-17T19:12:39.986+0000] {font_manager.py:1431} WARNING - findfont: Font family 'Arial Unicode MS' not found.
[2025-06-17T19:12:39.987+0000] {font_manager.py:1431} WARNING - findfont: Font family 'Arial Unicode MS' not found.
[2025-06-17T19:12:39.988+0000] {font_manager.py:1431} WARNING - findfont: Font family 'Arial Unicode MS' not found.
[2025-06-17T19:12:39.989+0000] {font_manager.py:1431} WARNING - findfont: Font family 'Arial Unicode MS' not found.
[2025-06-17T19:12:39.992+0000] {font_manager.py:1431} WARNING - findfont: Font family 'Arial Unicode MS' not found.
[2025-06-17T19:12:39.995+0000] {font_manager.py:1431} WARNING - findfont: Font family 'Arial Unicode MS' not found.
[2025-06-17T19:12:39.995+0000] {font_manager.py:1431} WARNING - findfont: Font family 'Arial Unicode MS' not found.
[2025-06-17T19:12:40.000+0000] {font_manager.py:1431} WARNING - findfont: Font family 'Arial Unicode MS' not found.
[2025-06-17T19:12:40.002+0000] {font_manager.py:1431} WARNING - findfont: Font family 'Arial Unicode MS' not found.
[2025-06-17T19:12:40.003+0000] {font_manager.py:1431} WARNING - findfont: Font family 'Arial Unicode MS' not found.
[2025-06-17T19:12:40.005+0000] {font_manager.py:1431} WARNING - findfont: Font family 'Arial Unicode MS' not found.
[2025-06-17T19:12:40.006+0000] {font_manager.py:1431} WARNING - findfont: Font family 'Arial Unicode MS' not found.
[2025-06-17T19:12:40.007+0000] {font_manager.py:1431} WARNING - findfont: Font family 'Arial Unicode MS' not found.
[2025-06-17T19:12:40.011+0000] {font_manager.py:1431} WARNING - findfont: Font family 'Arial Unicode MS' not found.
[2025-06-17T19:12:40.013+0000] {font_manager.py:1431} WARNING - findfont: Font family 'Arial Unicode MS' not found.
[2025-06-17T19:12:40.018+0000] {font_manager.py:1431} WARNING - findfont: Font family 'Arial Unicode MS' not found.
[2025-06-17T19:12:40.020+0000] {font_manager.py:1431} WARNING - findfont: Font family 'Arial Unicode MS' not found.
[2025-06-17T19:12:40.021+0000] {font_manager.py:1431} WARNING - findfont: Font family 'Arial Unicode MS' not found.
[2025-06-17T19:12:40.022+0000] {font_manager.py:1431} WARNING - findfont: Font family 'Arial Unicode MS' not found.
[2025-06-17T19:12:40.024+0000] {font_manager.py:1431} WARNING - findfont: Font family 'Arial Unicode MS' not found.
[2025-06-17T19:12:40.025+0000] {font_manager.py:1431} WARNING - findfont: Font family 'Arial Unicode MS' not found.
[2025-06-17T19:12:40.029+0000] {font_manager.py:1431} WARNING - findfont: Font family 'Arial Unicode MS' not found.
[2025-06-17T19:12:40.033+0000] {font_manager.py:1431} WARNING - findfont: Font family 'Arial Unicode MS' not found.
[2025-06-17T19:12:40.036+0000] {font_manager.py:1431} WARNING - findfont: Font family 'Arial Unicode MS' not found.
[2025-06-17T19:12:40.037+0000] {font_manager.py:1431} WARNING - findfont: Font family 'Arial Unicode MS' not found.
[2025-06-17T19:12:40.041+0000] {font_manager.py:1431} WARNING - findfont: Font family 'Arial Unicode MS' not found.
[2025-06-17T19:12:40.043+0000] {font_manager.py:1431} WARNING - findfont: Font family 'Arial Unicode MS' not found.
[2025-06-17T19:12:40.045+0000] {metrics_calculator.py:285} INFO - ROC-кривая сохранена: results/roc_curve.png
[2025-06-17T19:12:40.045+0000] {metrics_calculator.py:301} INFO - Создание кривой Precision-Recall
[2025-06-17T19:12:40.072+0000] {font_manager.py:1431} WARNING - findfont: Font family 'Arial Unicode MS' not found.
[2025-06-17T19:12:40.073+0000] {font_manager.py:1431} WARNING - findfont: Font family 'Arial Unicode MS' not found.
[2025-06-17T19:12:40.074+0000] {font_manager.py:1431} WARNING - findfont: Font family 'Arial Unicode MS' not found.
[2025-06-17T19:12:40.075+0000] {font_manager.py:1431} WARNING - findfont: Font family 'Arial Unicode MS' not found.
[2025-06-17T19:12:40.076+0000] {font_manager.py:1431} WARNING - findfont: Font family 'Arial Unicode MS' not found.
[2025-06-17T19:12:40.077+0000] {font_manager.py:1431} WARNING - findfont: Font family 'Arial Unicode MS' not found.
[2025-06-17T19:12:40.078+0000] {font_manager.py:1431} WARNING - findfont: Font family 'Arial Unicode MS' not found.
[2025-06-17T19:12:40.082+0000] {font_manager.py:1431} WARNING - findfont: Font family 'Arial Unicode MS' not found.
[2025-06-17T19:12:40.086+0000] {font_manager.py:1431} WARNING - findfont: Font family 'Arial Unicode MS' not found.
[2025-06-17T19:12:40.087+0000] {font_manager.py:1431} WARNING - findfont: Font family 'Arial Unicode MS' not found.
[2025-06-17T19:12:40.104+0000] {font_manager.py:1431} WARNING - findfont: Font family 'Arial Unicode MS' not found.
[2025-06-17T19:12:40.115+0000] {font_manager.py:1431} WARNING - findfont: Font family 'Arial Unicode MS' not found.
[2025-06-17T19:12:40.152+0000] {font_manager.py:1431} WARNING - findfont: Font family 'Arial Unicode MS' not found.
[2025-06-17T19:12:40.153+0000] {font_manager.py:1431} WARNING - findfont: Font family 'Arial Unicode MS' not found.
[2025-06-17T19:12:40.154+0000] {font_manager.py:1431} WARNING - findfont: Font family 'Arial Unicode MS' not found.
[2025-06-17T19:12:40.155+0000] {font_manager.py:1431} WARNING - findfont: Font family 'Arial Unicode MS' not found.
[2025-06-17T19:12:40.156+0000] {font_manager.py:1431} WARNING - findfont: Font family 'Arial Unicode MS' not found.
[2025-06-17T19:12:40.157+0000] {font_manager.py:1431} WARNING - findfont: Font family 'Arial Unicode MS' not found.
[2025-06-17T19:12:40.159+0000] {font_manager.py:1431} WARNING - findfont: Font family 'Arial Unicode MS' not found.
[2025-06-17T19:12:40.162+0000] {font_manager.py:1431} WARNING - findfont: Font family 'Arial Unicode MS' not found.
[2025-06-17T19:12:40.164+0000] {font_manager.py:1431} WARNING - findfont: Font family 'Arial Unicode MS' not found.
[2025-06-17T19:12:40.165+0000] {font_manager.py:1431} WARNING - findfont: Font family 'Arial Unicode MS' not found.
[2025-06-17T19:12:40.172+0000] {font_manager.py:1431} WARNING - findfont: Font family 'Arial Unicode MS' not found.
[2025-06-17T19:12:40.173+0000] {font_manager.py:1431} WARNING - findfont: Font family 'Arial Unicode MS' not found.
[2025-06-17T19:12:40.176+0000] {font_manager.py:1431} WARNING - findfont: Font family 'Arial Unicode MS' not found.
[2025-06-17T19:12:40.177+0000] {font_manager.py:1431} WARNING - findfont: Font family 'Arial Unicode MS' not found.
[2025-06-17T19:12:40.179+0000] {font_manager.py:1431} WARNING - findfont: Font family 'Arial Unicode MS' not found.
[2025-06-17T19:12:40.181+0000] {font_manager.py:1431} WARNING - findfont: Font family 'Arial Unicode MS' not found.
[2025-06-17T19:12:40.185+0000] {font_manager.py:1431} WARNING - findfont: Font family 'Arial Unicode MS' not found.
[2025-06-17T19:12:40.186+0000] {font_manager.py:1431} WARNING - findfont: Font family 'Arial Unicode MS' not found.
[2025-06-17T19:12:40.189+0000] {font_manager.py:1431} WARNING - findfont: Font family 'Arial Unicode MS' not found.
[2025-06-17T19:12:40.191+0000] {font_manager.py:1431} WARNING - findfont: Font family 'Arial Unicode MS' not found.
[2025-06-17T19:12:40.192+0000] {font_manager.py:1431} WARNING - findfont: Font family 'Arial Unicode MS' not found.
[2025-06-17T19:12:40.193+0000] {font_manager.py:1431} WARNING - findfont: Font family 'Arial Unicode MS' not found.
[2025-06-17T19:12:40.194+0000] {font_manager.py:1431} WARNING - findfont: Font family 'Arial Unicode MS' not found.
[2025-06-17T19:12:40.196+0000] {font_manager.py:1431} WARNING - findfont: Font family 'Arial Unicode MS' not found.
[2025-06-17T19:12:40.200+0000] {font_manager.py:1431} WARNING - findfont: Font family 'Arial Unicode MS' not found.
[2025-06-17T19:12:40.204+0000] {font_manager.py:1431} WARNING - findfont: Font family 'Arial Unicode MS' not found.
[2025-06-17T19:12:40.206+0000] {font_manager.py:1431} WARNING - findfont: Font family 'Arial Unicode MS' not found.
[2025-06-17T19:12:40.212+0000] {font_manager.py:1431} WARNING - findfont: Font family 'Arial Unicode MS' not found.
[2025-06-17T19:12:40.336+0000] {font_manager.py:1431} WARNING - findfont: Font family 'Arial Unicode MS' not found.
[2025-06-17T19:12:40.337+0000] {font_manager.py:1431} WARNING - findfont: Font family 'Arial Unicode MS' not found.
[2025-06-17T19:12:40.338+0000] {font_manager.py:1431} WARNING - findfont: Font family 'Arial Unicode MS' not found.
[2025-06-17T19:12:40.339+0000] {font_manager.py:1431} WARNING - findfont: Font family 'Arial Unicode MS' not found.
[2025-06-17T19:12:40.340+0000] {font_manager.py:1431} WARNING - findfont: Font family 'Arial Unicode MS' not found.
[2025-06-17T19:12:40.341+0000] {font_manager.py:1431} WARNING - findfont: Font family 'Arial Unicode MS' not found.
[2025-06-17T19:12:40.342+0000] {font_manager.py:1431} WARNING - findfont: Font family 'Arial Unicode MS' not found.
[2025-06-17T19:12:40.347+0000] {font_manager.py:1431} WARNING - findfont: Font family 'Arial Unicode MS' not found.
[2025-06-17T19:12:40.349+0000] {font_manager.py:1431} WARNING - findfont: Font family 'Arial Unicode MS' not found.
[2025-06-17T19:12:40.350+0000] {font_manager.py:1431} WARNING - findfont: Font family 'Arial Unicode MS' not found.
[2025-06-17T19:12:40.355+0000] {font_manager.py:1431} WARNING - findfont: Font family 'Arial Unicode MS' not found.
[2025-06-17T19:12:40.357+0000] {font_manager.py:1431} WARNING - findfont: Font family 'Arial Unicode MS' not found.
[2025-06-17T19:12:40.359+0000] {font_manager.py:1431} WARNING - findfont: Font family 'Arial Unicode MS' not found.
[2025-06-17T19:12:40.361+0000] {font_manager.py:1431} WARNING - findfont: Font family 'Arial Unicode MS' not found.
[2025-06-17T19:12:40.362+0000] {font_manager.py:1431} WARNING - findfont: Font family 'Arial Unicode MS' not found.
[2025-06-17T19:12:40.364+0000] {font_manager.py:1431} WARNING - findfont: Font family 'Arial Unicode MS' not found.
[2025-06-17T19:12:40.369+0000] {font_manager.py:1431} WARNING - findfont: Font family 'Arial Unicode MS' not found.
[2025-06-17T19:12:40.370+0000] {font_manager.py:1431} WARNING - findfont: Font family 'Arial Unicode MS' not found.
[2025-06-17T19:12:40.373+0000] {font_manager.py:1431} WARNING - findfont: Font family 'Arial Unicode MS' not found.
[2025-06-17T19:12:40.375+0000] {font_manager.py:1431} WARNING - findfont: Font family 'Arial Unicode MS' not found.
[2025-06-17T19:12:40.376+0000] {font_manager.py:1431} WARNING - findfont: Font family 'Arial Unicode MS' not found.
[2025-06-17T19:12:40.377+0000] {font_manager.py:1431} WARNING - findfont: Font family 'Arial Unicode MS' not found.
[2025-06-17T19:12:40.379+0000] {font_manager.py:1431} WARNING - findfont: Font family 'Arial Unicode MS' not found.
[2025-06-17T19:12:40.381+0000] {font_manager.py:1431} WARNING - findfont: Font family 'Arial Unicode MS' not found.
[2025-06-17T19:12:40.385+0000] {font_manager.py:1431} WARNING - findfont: Font family 'Arial Unicode MS' not found.
[2025-06-17T19:12:40.387+0000] {font_manager.py:1431} WARNING - findfont: Font family 'Arial Unicode MS' not found.
[2025-06-17T19:12:40.389+0000] {font_manager.py:1431} WARNING - findfont: Font family 'Arial Unicode MS' not found.
[2025-06-17T19:12:40.394+0000] {font_manager.py:1431} WARNING - findfont: Font family 'Arial Unicode MS' not found.
[2025-06-17T19:12:40.397+0000] {metrics_calculator.py:334} INFO - Кривая Precision-Recall сохранена: results/precision_recall_curve.png
[2025-06-17T19:12:40.397+0000] {metrics_calculator.py:371} INFO - Полная оценка модели завершена
[2025-06-17T19:12:40.398+0000] {metrics_calculator.py:372} INFO - Основные метрики на тестовых данных:
[2025-06-17T19:12:40.398+0000] {metrics_calculator.py:374} INFO -   accuracy: 0.9737
[2025-06-17T19:12:40.399+0000] {metrics_calculator.py:374} INFO -   precision: 0.9737
[2025-06-17T19:12:40.400+0000] {metrics_calculator.py:374} INFO -   recall: 0.9737
[2025-06-17T19:12:40.400+0000] {metrics_calculator.py:374} INFO -   f1_score: 0.9736
[2025-06-17T19:12:40.400+0000] {metrics_calculator.py:374} INFO -   precision_macro: 0.9741
[2025-06-17T19:12:40.401+0000] {metrics_calculator.py:374} INFO -   recall_macro: 0.9692
[2025-06-17T19:12:40.401+0000] {metrics_calculator.py:374} INFO -   f1_score_macro: 0.9716
[2025-06-17T19:12:40.402+0000] {metrics_calculator.py:374} INFO -   precision_binary: 0.9756
[2025-06-17T19:12:40.402+0000] {metrics_calculator.py:374} INFO -   recall_binary: 0.9524
[2025-06-17T19:12:40.403+0000] {metrics_calculator.py:374} INFO -   f1_score_binary: 0.9639
[2025-06-17T19:12:40.406+0000] {metrics_calculator.py:391} INFO - Метрики сохранены: results/metrics.json
[2025-06-17T19:12:40.407+0000] {metrics_calculator.py:405} INFO - Генерация отчета об оценке модели
[2025-06-17T19:12:40.409+0000] {metrics_calculator.py:461} INFO - Отчет об оценке сохранен: results/evaluation_report.md
[2025-06-17T19:12:40.441+0000] {ml_pipeline_dag.py:457} INFO -  Модель оценена:
[2025-06-17T19:12:40.441+0000] {ml_pipeline_dag.py:458} INFO -    - Источник данных: XCom
[2025-06-17T19:12:40.442+0000] {ml_pipeline_dag.py:459} INFO -    - Точность: 0.9737
[2025-06-17T19:12:40.442+0000] {ml_pipeline_dag.py:460} INFO -    - Precision: 0.9737
[2025-06-17T19:12:40.442+0000] {ml_pipeline_dag.py:461} INFO -    - Recall: 0.9737
[2025-06-17T19:12:40.443+0000] {ml_pipeline_dag.py:462} INFO -    - F1-score: 0.9736
[2025-06-17T19:12:40.443+0000] {ml_pipeline_dag.py:463} INFO -    - ROC AUC: 0.0000
[2025-06-17T19:12:40.443+0000] {ml_pipeline_dag.py:464} INFO - === ОЦЕНКА МОДЕЛИ ЗАВЕРШЕНА ===
[2025-06-17T19:12:40.444+0000] {python.py:240} INFO - Done. Returned value was: {'status': 'success', 'accuracy': 0.9736842105263158, 'f1_score': 0.9736164257756981, 'roc_auc': 0, 'data_source': 'xcom'}
[2025-06-17T19:12:40.463+0000] {taskinstance.py:341} INFO - ::group::Post task execution logs
[2025-06-17T19:12:40.464+0000] {taskinstance.py:353} INFO - Marking task as SUCCESS. dag_id=breast_cancer_ml_pipeline, task_id=evaluate_model, run_id=manual__2025-06-17T19:12:23.474875+00:00, execution_date=20250617T191223, start_date=20250617T191238, end_date=20250617T191240
[2025-06-17T19:12:40.535+0000] {local_task_job_runner.py:266} INFO - Task exited with return code 0
[2025-06-17T19:12:40.562+0000] {taskinstance.py:3901} INFO - 1 downstream tasks scheduled from follow-on schedule check
[2025-06-17T19:12:40.564+0000] {local_task_job_runner.py:245} INFO - ::endgroup::
