[2025-06-17T19:12:25.932+0000] {local_task_job_runner.py:123} INFO - ::group::Pre task execution logs
[2025-06-17T19:12:25.948+0000] {taskinstance.py:2614} INFO - Dependencies all met for dep_context=non-requeueable deps ti=<TaskInstance: breast_cancer_ml_pipeline.health_check manual__2025-06-17T19:12:23.474875+00:00 [queued]>
[2025-06-17T19:12:25.956+0000] {taskinstance.py:2614} INFO - Dependencies all met for dep_context=requeueable deps ti=<TaskInstance: breast_cancer_ml_pipeline.health_check manual__2025-06-17T19:12:23.474875+00:00 [queued]>
[2025-06-17T19:12:25.957+0000] {taskinstance.py:2867} INFO - Starting attempt 1 of 3
[2025-06-17T19:12:25.970+0000] {taskinstance.py:2890} INFO - Executing <Task(PythonOperator): health_check> on 2025-06-17 19:12:23.474875+00:00
[2025-06-17T19:12:25.981+0000] {standard_task_runner.py:104} INFO - Running: ['***', 'tasks', 'run', 'breast_cancer_ml_pipeline', 'health_check', 'manual__2025-06-17T19:12:23.474875+00:00', '--job-id', '2', '--raw', '--subdir', 'DAGS_FOLDER/ml_pipeline_dag.py', '--cfg-path', '/tmp/tmpg_ysmte7']
[2025-06-17T19:12:25.984+0000] {standard_task_runner.py:105} INFO - Job 2: Subtask health_check
[2025-06-17T19:12:25.986+0000] {logging_mixin.py:190} WARNING - /home/***/.local/lib/python3.12/site-packages/***/task/task_runner/standard_task_runner.py:70 DeprecationWarning: This process (pid=560) is multi-threaded, use of fork() may lead to deadlocks in the child.
[2025-06-17T19:12:25.987+0000] {standard_task_runner.py:72} INFO - Started process 577 to run task
[2025-06-17T19:12:26.030+0000] {task_command.py:467} INFO - Running <TaskInstance: breast_cancer_ml_pipeline.health_check manual__2025-06-17T19:12:23.474875+00:00 [running]> on host c0169c9bc5ba
[2025-06-17T19:12:26.117+0000] {taskinstance.py:3134} INFO - Exporting env vars: AIRFLOW_CTX_DAG_EMAIL='admin@example.com' AIRFLOW_CTX_DAG_OWNER='data-engineer' AIRFLOW_CTX_DAG_ID='breast_cancer_ml_pipeline' AIRFLOW_CTX_TASK_ID='health_check' AIRFLOW_CTX_EXECUTION_DATE='2025-06-17T19:12:23.474875+00:00' AIRFLOW_CTX_TRY_NUMBER='1' AIRFLOW_CTX_DAG_RUN_ID='manual__2025-06-17T19:12:23.474875+00:00'
[2025-06-17T19:12:26.119+0000] {taskinstance.py:732} INFO - ::endgroup::
[2025-06-17T19:12:26.152+0000] {logging_mixin.py:190} INFO - === ПРОВЕРКА СИСТЕМЫ ===
[2025-06-17T19:12:26.153+0000] {logging_mixin.py:190} INFO - Дата и время: 2025-06-17 19:12:26.153094
[2025-06-17T19:12:26.153+0000] {logging_mixin.py:190} INFO - Пользователь: unknown
[2025-06-17T19:12:26.153+0000] {logging_mixin.py:190} INFO - Рабочая директория: /opt/***
[2025-06-17T19:12:26.154+0000] {logging_mixin.py:190} INFO - Версия Python: 3.12.9 (main, Feb  6 2025, 22:37:05) [GCC 12.2.0]
[2025-06-17T19:12:26.154+0000] {logging_mixin.py:190} INFO - Платформа: Linux 6.10.14-linuxkit
[2025-06-17T19:12:26.155+0000] {logging_mixin.py:190} INFO - Архитектура: x86_64
[2025-06-17T19:12:26.155+0000] {logging_mixin.py:190} INFO - === ПРОВЕРКА ЗАВЕРШЕНА ===
[2025-06-17T19:12:26.155+0000] {python.py:240} INFO - Done. Returned value was: {'status': 'success', 'timestamp': '2025-06-17T19:12:26.155764', 'platform': 'Linux', 'python_version': '3.12.9'}
[2025-06-17T19:12:26.179+0000] {taskinstance.py:341} INFO - ::group::Post task execution logs
[2025-06-17T19:12:26.179+0000] {taskinstance.py:353} INFO - Marking task as SUCCESS. dag_id=breast_cancer_ml_pipeline, task_id=health_check, run_id=manual__2025-06-17T19:12:23.474875+00:00, execution_date=20250617T191223, start_date=20250617T191225, end_date=20250617T191226
[2025-06-17T19:12:26.213+0000] {local_task_job_runner.py:266} INFO - Task exited with return code 0
[2025-06-17T19:12:26.240+0000] {taskinstance.py:3901} INFO - 1 downstream tasks scheduled from follow-on schedule check
[2025-06-17T19:12:26.242+0000] {local_task_job_runner.py:245} INFO - ::endgroup::
