[2025-06-17T21:03:15.082+0400] {{local_task_job_runner.py:123}} INFO - ::group::Pre task execution logs
[2025-06-17T21:03:15.117+0400] {{taskinstance.py:2614}} INFO - Dependencies all met for dep_context=non-requeueable deps ti=<TaskInstance: breast_cancer_ml_pipeline.health_check manual__2025-06-17T16:57:52.003690+00:00 [queued]>
[2025-06-17T21:03:15.124+0400] {{taskinstance.py:2614}} INFO - Dependencies all met for dep_context=requeueable deps ti=<TaskInstance: breast_cancer_ml_pipeline.health_check manual__2025-06-17T16:57:52.003690+00:00 [queued]>
[2025-06-17T21:03:15.125+0400] {{taskinstance.py:2867}} INFO - Starting attempt 1 of 3
[2025-06-17T21:03:15.136+0400] {{taskinstance.py:2890}} INFO - Executing <Task(PythonOperator): health_check> on 2025-06-17 16:57:52.003690+00:00
[2025-06-17T21:03:15.148+0400] {{logging_mixin.py:190}} WARNING - /Users/yuriy.samorodov/Documents/МФТИ/Семестр 2/Data Engineering/Exam/ml-pipeline-project/venv/lib/python3.12/site-packages/***/task/task_runner/standard_task_runner.py:70 DeprecationWarning: This process (pid=48180) is multi-threaded, use of fork() may lead to deadlocks in the child.
[2025-06-17T21:03:15.149+0400] {{standard_task_runner.py:72}} INFO - Started process 48198 to run task
[2025-06-17T21:03:15.148+0400] {{standard_task_runner.py:104}} INFO - Running: ['***', 'tasks', 'run', 'breast_cancer_ml_pipeline', 'health_check', 'manual__2025-06-17T16:57:52.003690+00:00', '--job-id', '10', '--raw', '--subdir', 'DAGS_FOLDER/ml_pipeline_dag.py', '--cfg-path', '/var/folders/1f/q4s2m7nd4h11_dlypgrn202w0000gn/T/tmpzkcr7so0']
[2025-06-17T21:03:15.154+0400] {{standard_task_runner.py:105}} INFO - Job 10: Subtask health_check
[2025-06-17T21:03:15.239+0400] {{task_command.py:467}} INFO - Running <TaskInstance: breast_cancer_ml_pipeline.health_check manual__2025-06-17T16:57:52.003690+00:00 [running]> on host 1.0.0.0.0.0.0.0.0.0.0.0.0.0.0.0.0.0.0.0.0.0.0.0.0.0.0.0.0.0.0.0.ip6.arpa
[2025-06-17T21:03:15.587+0400] {{taskinstance.py:3134}} INFO - Exporting env vars: AIRFLOW_CTX_DAG_EMAIL='admin@example.com' AIRFLOW_CTX_DAG_OWNER='data-engineer' AIRFLOW_CTX_DAG_ID='breast_cancer_ml_pipeline' AIRFLOW_CTX_TASK_ID='health_check' AIRFLOW_CTX_EXECUTION_DATE='2025-06-17T16:57:52.003690+00:00' AIRFLOW_CTX_TRY_NUMBER='1' AIRFLOW_CTX_DAG_RUN_ID='manual__2025-06-17T16:57:52.003690+00:00'
[2025-06-17T21:03:15.588+0400] {{taskinstance.py:732}} INFO - ::endgroup::
[2025-06-17T21:03:15.602+0400] {{logging_mixin.py:190}} INFO - === ПРОВЕРКА СИСТЕМЫ ===
[2025-06-17T21:03:15.603+0400] {{logging_mixin.py:190}} INFO - Дата и время: 2025-06-17 21:03:15.603569
[2025-06-17T21:03:15.604+0400] {{logging_mixin.py:190}} INFO - Пользователь: yuriy.samorodov
[2025-06-17T21:03:15.604+0400] {{logging_mixin.py:190}} INFO - Рабочая директория: /Users/yuriy.samorodov/Documents/МФТИ/Семестр 2/Data Engineering/Exam/ml-pipeline-project/***
[2025-06-17T21:03:15.605+0400] {{logging_mixin.py:190}} INFO - Версия Python: 3.12.7 (main, Oct  1 2024, 02:05:46) [Clang 15.0.0 (clang-1500.1.0.2.5)]
[2025-06-17T21:03:15.605+0400] {{logging_mixin.py:190}} INFO - Платформа: Darwin 22.5.0
[2025-06-17T21:03:15.606+0400] {{logging_mixin.py:190}} INFO - Архитектура: x86_64
[2025-06-17T21:03:15.606+0400] {{logging_mixin.py:190}} INFO - === ПРОВЕРКА ЗАВЕРШЕНА ===
[2025-06-17T21:03:15.607+0400] {{python.py:240}} INFO - Done. Returned value was: {'status': 'success', 'timestamp': '2025-06-17T21:03:15.607060', 'platform': 'Darwin', 'python_version': '3.12.7'}
[2025-06-17T21:03:15.632+0400] {{taskinstance.py:341}} INFO - ::group::Post task execution logs
[2025-06-17T21:03:15.633+0400] {{taskinstance.py:353}} INFO - Marking task as SUCCESS. dag_id=breast_cancer_ml_pipeline, task_id=health_check, run_id=manual__2025-06-17T16:57:52.003690+00:00, execution_date=20250617T165752, start_date=20250617T170315, end_date=20250617T170315
[2025-06-17T21:03:15.731+0400] {{local_task_job_runner.py:266}} INFO - Task exited with return code 0
[2025-06-17T21:03:15.787+0400] {{taskinstance.py:3901}} INFO - 1 downstream tasks scheduled from follow-on schedule check
[2025-06-17T21:03:15.805+0400] {{local_task_job_runner.py:245}} INFO - ::endgroup::
