 Запуск Airflow Scheduler с патчем LocalExecutor...
/Users/yuriy.samorodov/Documents/МФТИ/Семестр 2/Data Engineering/Exam/ml-pipeline-project/venv/lib/python3.12/site-packages/airflow/configuration.py:2373 FutureWarning: The 'dag_default_view' setting in [webserver] has the old default value of 'tree'. This value has been changed to 'grid' in the running config, but please update your config before Apache Airflow 3.0.
/Users/yuriy.samorodov/Documents/МФТИ/Семестр 2/Data Engineering/Exam/ml-pipeline-project/venv/lib/python3.12/site-packages/airflow/configuration.py:2373 FutureWarning: The 'log_filename_template' setting in [logging] has the old default value of '{{ ti.dag_id }}/{{ ti.task_id }}/{{ ts }}/{{ try_number }}.log'. This value has been changed to 'dag_id={{ ti.dag_id }}/run_id={{ ti.run_id }}/task_id={{ ti.task_id }}/{% if ti.map_index >= 0 %}map_index={{ ti.map_index }}/{% endif %}attempt={{ try_number }}.log' in the running config, but please update your config before Apache Airflow 3.0.
Traceback (most recent call last):
  File "<string>", line 37, in <module>
  File "/Users/yuriy.samorodov/Documents/МФТИ/Семестр 2/Data Engineering/Exam/ml-pipeline-project/venv/lib/python3.12/site-packages/airflow/utils/cli.py", line 116, in wrapper
    return f(*args, **kwargs)
           ^^^^^^^^^^^^^^^^^^
  File "/Users/yuriy.samorodov/Documents/МФТИ/Семестр 2/Data Engineering/Exam/ml-pipeline-project/venv/lib/python3.12/site-packages/airflow/utils/providers_configuration_loader.py", line 55, in wrapped_function
    return func(*args, **kwargs)
           ^^^^^^^^^^^^^^^^^^^^^
  File "/Users/yuriy.samorodov/Documents/МФТИ/Семестр 2/Data Engineering/Exam/ml-pipeline-project/venv/lib/python3.12/site-packages/airflow/cli/commands/scheduler_command.py", line 56, in scheduler
    run_command_with_daemon_option(
  File "/Users/yuriy.samorodov/Documents/МФТИ/Семестр 2/Data Engineering/Exam/ml-pipeline-project/venv/lib/python3.12/site-packages/airflow/cli/commands/daemon_utils.py", line 86, in run_command_with_daemon_option
    callback()
  File "/Users/yuriy.samorodov/Documents/МФТИ/Семестр 2/Data Engineering/Exam/ml-pipeline-project/venv/lib/python3.12/site-packages/airflow/cli/commands/scheduler_command.py", line 59, in <lambda>
    callback=lambda: _run_scheduler_job(args),
                     ^^^^^^^^^^^^^^^^^^^^^^^^
  File "/Users/yuriy.samorodov/Documents/МФТИ/Семестр 2/Data Engineering/Exam/ml-pipeline-project/venv/lib/python3.12/site-packages/airflow/cli/commands/scheduler_command.py", line 42, in _run_scheduler_job
    job=Job(), subdir=process_subdir(args.subdir), num_runs=args.num_runs, do_pickle=args.do_pickle
                                     ^^^^^^^^^^^
AttributeError: 'Namespace' object has no attribute 'subdir'
 Патч LocalExecutor применен
 Запуск scheduler...
  ____________       _____________
 ____    |__( )_________  __/__  /________      __
____  /| |_  /__  ___/_  /_ __  /_  __ \_ | /| / /
___  ___ |  / _  /   _  __/ _  / / /_/ /_ |/ |/ /
 _/_/  |_/_/  /_/    /_/    /_/  \____/____/|__/
 Ошибка: 'Namespace' object has no attribute 'subdir'
