[2025-06-17T19:12:35.077+0000] {local_task_job_runner.py:123} INFO - ::group::Pre task execution logs
[2025-06-17T19:12:35.098+0000] {taskinstance.py:2614} INFO - Dependencies all met for dep_context=non-requeueable deps ti=<TaskInstance: breast_cancer_ml_pipeline.train_model manual__2025-06-17T19:12:23.474875+00:00 [queued]>
[2025-06-17T19:12:35.108+0000] {taskinstance.py:2614} INFO - Dependencies all met for dep_context=requeueable deps ti=<TaskInstance: breast_cancer_ml_pipeline.train_model manual__2025-06-17T19:12:23.474875+00:00 [queued]>
[2025-06-17T19:12:35.108+0000] {taskinstance.py:2867} INFO - Starting attempt 1 of 3
[2025-06-17T19:12:35.121+0000] {taskinstance.py:2890} INFO - Executing <Task(PythonOperator): train_model> on 2025-06-17 19:12:23.474875+00:00
[2025-06-17T19:12:35.132+0000] {standard_task_runner.py:104} INFO - Running: ['***', 'tasks', 'run', 'breast_cancer_ml_pipeline', 'train_model', 'manual__2025-06-17T19:12:23.474875+00:00', '--job-id', '6', '--raw', '--subdir', 'DAGS_FOLDER/ml_pipeline_dag.py', '--cfg-path', '/tmp/tmpc5bfzrdj']
[2025-06-17T19:12:35.136+0000] {standard_task_runner.py:105} INFO - Job 6: Subtask train_model
[2025-06-17T19:12:35.135+0000] {logging_mixin.py:190} WARNING - /home/***/.local/lib/python3.12/site-packages/***/task/task_runner/standard_task_runner.py:70 DeprecationWarning: This process (pid=642) is multi-threaded, use of fork() may lead to deadlocks in the child.
[2025-06-17T19:12:35.136+0000] {standard_task_runner.py:72} INFO - Started process 664 to run task
[2025-06-17T19:12:35.179+0000] {task_command.py:467} INFO - Running <TaskInstance: breast_cancer_ml_pipeline.train_model manual__2025-06-17T19:12:23.474875+00:00 [running]> on host c0169c9bc5ba
[2025-06-17T19:12:35.253+0000] {taskinstance.py:3134} INFO - Exporting env vars: AIRFLOW_CTX_DAG_EMAIL='admin@example.com' AIRFLOW_CTX_DAG_OWNER='data-engineer' AIRFLOW_CTX_DAG_ID='breast_cancer_ml_pipeline' AIRFLOW_CTX_TASK_ID='train_model' AIRFLOW_CTX_EXECUTION_DATE='2025-06-17T19:12:23.474875+00:00' AIRFLOW_CTX_TRY_NUMBER='1' AIRFLOW_CTX_DAG_RUN_ID='manual__2025-06-17T19:12:23.474875+00:00'
[2025-06-17T19:12:35.254+0000] {taskinstance.py:732} INFO - ::endgroup::
[2025-06-17T19:12:35.269+0000] {logging_mixin.py:190} INFO - Рабочая директория установлена в: /opt/***
[2025-06-17T19:12:35.269+0000] {ml_pipeline_dag.py:233} INFO - === НАЧАЛО ОБУЧЕНИЯ МОДЕЛИ ===
[2025-06-17T19:12:35.294+0000] {ml_pipeline_dag.py:257} INFO -  Получены обработанные данные через XCom:
[2025-06-17T19:12:35.294+0000] {ml_pipeline_dag.py:258} INFO -    - X_train: (455, 30)
[2025-06-17T19:12:35.295+0000] {ml_pipeline_dag.py:259} INFO -    - X_test: (114, 30)
[2025-06-17T19:12:35.295+0000] {ml_pipeline_dag.py:260} INFO -    - y_train: 455 образцов
[2025-06-17T19:12:35.295+0000] {ml_pipeline_dag.py:261} INFO -    - y_test: 114 образцов
[2025-06-17T19:12:35.319+0000] {model_trainer.py:412} INFO - Запуск обучения модели на данных из XCom
[2025-06-17T19:12:35.320+0000] {model_trainer.py:68} INFO - Создание модели LogisticRegression с параметрами: {'random_state': 42, 'max_iter': 1000, 'solver': 'liblinear', 'penalty': 'l2'}
[2025-06-17T19:12:35.320+0000] {model_trainer.py:201} INFO - Начало кросс-валидации с 5 фолдами
[2025-06-17T19:12:35.344+0000] {model_trainer.py:217} INFO - Результаты кросс-валидации:
[2025-06-17T19:12:35.344+0000] {model_trainer.py:218} INFO -   Средняя точность: 0.9714 ± 0.0112
[2025-06-17T19:12:35.345+0000] {model_trainer.py:219} INFO -   Минимальная точность: 0.9560
[2025-06-17T19:12:35.345+0000] {model_trainer.py:220} INFO -   Максимальная точность: 0.9890
[2025-06-17T19:12:35.346+0000] {model_trainer.py:84} INFO - Начало обучения модели
[2025-06-17T19:12:35.349+0000] {model_trainer.py:109} INFO - Обучение завершено за 0.00 секунд
[2025-06-17T19:12:35.349+0000] {model_trainer.py:110} INFO - Обучено на 455 образцах с 30 признаками
[2025-06-17T19:12:35.350+0000] {model_trainer.py:254} INFO - Топ-5 самых важных признаков:
[2025-06-17T19:12:35.350+0000] {model_trainer.py:256} INFO -   1. feature_21: 1.4238
[2025-06-17T19:12:35.350+0000] {model_trainer.py:256} INFO -   2. feature_10: 1.2436
[2025-06-17T19:12:35.350+0000] {model_trainer.py:256} INFO -   3. feature_28: 1.0591
[2025-06-17T19:12:35.351+0000] {model_trainer.py:256} INFO -   4. feature_7: 0.9548
[2025-06-17T19:12:35.351+0000] {model_trainer.py:256} INFO -   5. feature_13: 0.9334
[2025-06-17T19:12:35.351+0000] {model_trainer.py:433} INFO - Обучение модели на XCom данных завершено успешно
[2025-06-17T19:12:35.352+0000] {model_trainer.py:289} INFO - Удален существующий файл модели: results/models/current_model.joblib
[2025-06-17T19:12:35.355+0000] {model_trainer.py:293} INFO - Модель сохранена: results/models/current_model.joblib
[2025-06-17T19:12:35.356+0000] {model_trainer.py:313} INFO - Метаданные модели сохранены: results/models/current_model_metadata.json
[2025-06-17T19:12:35.385+0000] {ml_pipeline_dag.py:325} INFO -  Модель обучена и сохранена в results/models/current_model.joblib
[2025-06-17T19:12:35.386+0000] {ml_pipeline_dag.py:326} INFO -    - Тип модели: LogisticRegression
[2025-06-17T19:12:35.386+0000] {ml_pipeline_dag.py:327} INFO -    - Источник данных: XCom
[2025-06-17T19:12:35.387+0000] {ml_pipeline_dag.py:328} INFO -    - Использован подбор гиперпараметров: False
[2025-06-17T19:12:35.387+0000] {ml_pipeline_dag.py:329} INFO - === ОБУЧЕНИЕ МОДЕЛИ ЗАВЕРШЕНО ===
[2025-06-17T19:12:35.387+0000] {python.py:240} INFO - Done. Returned value was: {'status': 'success', 'model_type': 'LogisticRegression', 'model_path': 'results/models/current_model.joblib', 'training_samples': 455, 'cv_score': 0.9714285714285715, 'data_source': 'xcom'}
[2025-06-17T19:12:35.404+0000] {taskinstance.py:341} INFO - ::group::Post task execution logs
[2025-06-17T19:12:35.404+0000] {taskinstance.py:353} INFO - Marking task as SUCCESS. dag_id=breast_cancer_ml_pipeline, task_id=train_model, run_id=manual__2025-06-17T19:12:23.474875+00:00, execution_date=20250617T191223, start_date=20250617T191235, end_date=20250617T191235
[2025-06-17T19:12:35.441+0000] {local_task_job_runner.py:266} INFO - Task exited with return code 0
[2025-06-17T19:12:35.465+0000] {taskinstance.py:3901} INFO - 1 downstream tasks scheduled from follow-on schedule check
[2025-06-17T19:12:35.466+0000] {local_task_job_runner.py:245} INFO - ::endgroup::
