[2025-06-17T21:16:09.040+0400] {{local_task_job_runner.py:123}} INFO - ::group::Pre task execution logs
[2025-06-17T21:16:09.122+0400] {{taskinstance.py:2614}} INFO - Dependencies all met for dep_context=non-requeueable deps ti=<TaskInstance: breast_cancer_ml_pipeline.cleanup manual__2025-06-17T17:10:15.385059+00:00 [queued]>
[2025-06-17T21:16:09.161+0400] {{taskinstance.py:2614}} INFO - Dependencies all met for dep_context=requeueable deps ti=<TaskInstance: breast_cancer_ml_pipeline.cleanup manual__2025-06-17T17:10:15.385059+00:00 [queued]>
[2025-06-17T21:16:09.162+0400] {{taskinstance.py:2867}} INFO - Starting attempt 1 of 3
[2025-06-17T21:16:09.209+0400] {{taskinstance.py:2890}} INFO - Executing <Task(PythonOperator): cleanup> on 2025-06-17 17:10:15.385059+00:00
[2025-06-17T21:16:09.245+0400] {{logging_mixin.py:190}} WARNING - /Users/yuriy.samorodov/Documents/МФТИ/Семестр 2/Data Engineering/Exam/ml-pipeline-project/venv/lib/python3.12/site-packages/***/task/task_runner/standard_task_runner.py:70 DeprecationWarning: This process (pid=49910) is multi-threaded, use of fork() may lead to deadlocks in the child.
[2025-06-17T21:16:09.248+0400] {{standard_task_runner.py:72}} INFO - Started process 49950 to run task
[2025-06-17T21:16:09.249+0400] {{standard_task_runner.py:104}} INFO - Running: ['***', 'tasks', 'run', 'breast_cancer_ml_pipeline', 'cleanup', 'manual__2025-06-17T17:10:15.385059+00:00', '--job-id', '27', '--raw', '--subdir', 'DAGS_FOLDER/ml_pipeline_dag.py', '--cfg-path', '/var/folders/1f/q4s2m7nd4h11_dlypgrn202w0000gn/T/tmpv24w1zvb']
[2025-06-17T21:16:09.277+0400] {{standard_task_runner.py:105}} INFO - Job 27: Subtask cleanup
[2025-06-17T21:16:09.563+0400] {{task_command.py:467}} INFO - Running <TaskInstance: breast_cancer_ml_pipeline.cleanup manual__2025-06-17T17:10:15.385059+00:00 [running]> on host 1.0.0.0.0.0.0.0.0.0.0.0.0.0.0.0.0.0.0.0.0.0.0.0.0.0.0.0.0.0.0.0.ip6.arpa
[2025-06-17T21:16:10.874+0400] {{taskinstance.py:3134}} INFO - Exporting env vars: AIRFLOW_CTX_DAG_EMAIL='admin@example.com' AIRFLOW_CTX_DAG_OWNER='data-engineer' AIRFLOW_CTX_DAG_ID='breast_cancer_ml_pipeline' AIRFLOW_CTX_TASK_ID='cleanup' AIRFLOW_CTX_EXECUTION_DATE='2025-06-17T17:10:15.385059+00:00' AIRFLOW_CTX_TRY_NUMBER='1' AIRFLOW_CTX_DAG_RUN_ID='manual__2025-06-17T17:10:15.385059+00:00'
[2025-06-17T21:16:10.878+0400] {{taskinstance.py:732}} INFO - ::endgroup::
[2025-06-17T21:16:10.928+0400] {{logging_mixin.py:190}} INFO - Рабочая директория установлена в: /Users/yuriy.samorodov/Documents/МФТИ/Семестр 2/Data Engineering/Exam/ml-pipeline-project
[2025-06-17T21:16:10.929+0400] {{ml_pipeline_dag.py:677}} INFO - === НАЧАЛО ОЧИСТКИ ===
[2025-06-17T21:16:10.963+0400] {{storage_manager.py:138}} INFO - Начинаем инициализацию облачных клиентов...
[2025-06-17T21:16:10.964+0400] {{storage_manager.py:143}} INFO - Инициализируем GCS клиент...
[2025-06-17T21:16:10.965+0400] {{storage_manager.py:153}} INFO - GCS credentials не найдены, пропускаем инициализацию
[2025-06-17T21:16:10.966+0400] {{storage_manager.py:158}} INFO - Проверяем AWS S3...
[2025-06-17T21:16:10.967+0400] {{storage_manager.py:171}} INFO - AWS credentials не найдены
[2025-06-17T21:16:10.968+0400] {{storage_manager.py:175}} INFO - Инициализация облачных клиентов завершена
[2025-06-17T21:16:10.972+0400] {{storage_manager.py:131}} INFO - База данных инициализирована: sqlite
[2025-06-17T21:16:11.014+0400] {{storage_manager.py:499}} INFO - Очистка старых результатов (старше 30 дней)
[2025-06-17T21:16:11.025+0400] {{storage_manager.py:523}} INFO - Очистка завершена. Удалено файлов: 0
[2025-06-17T21:16:11.026+0400] {{ml_pipeline_dag.py:686}} INFO - Очистка завершена. Удалено файлов: 0
[2025-06-17T21:16:11.027+0400] {{ml_pipeline_dag.py:687}} INFO - === ОЧИСТКА ЗАВЕРШЕНА ===
[2025-06-17T21:16:11.028+0400] {{python.py:240}} INFO - Done. Returned value was: {'status': 'success', 'deleted_files': 0, 'max_age_days': 30}
[2025-06-17T21:16:11.123+0400] {{taskinstance.py:341}} INFO - ::group::Post task execution logs
[2025-06-17T21:16:11.125+0400] {{taskinstance.py:353}} INFO - Marking task as SUCCESS. dag_id=breast_cancer_ml_pipeline, task_id=cleanup, run_id=manual__2025-06-17T17:10:15.385059+00:00, execution_date=20250617T171015, start_date=20250617T171609, end_date=20250617T171611
[2025-06-17T21:16:11.280+0400] {{local_task_job_runner.py:266}} INFO - Task exited with return code 0
[2025-06-17T21:16:11.362+0400] {{taskinstance.py:3901}} INFO - 0 downstream tasks scheduled from follow-on schedule check
[2025-06-17T21:16:11.364+0400] {{local_task_job_runner.py:245}} INFO - ::endgroup::
