[2025-06-17T20:07:05.561+0400] {{local_task_job_runner.py:123}} INFO - ::group::Pre task execution logs
[2025-06-17T20:07:05.582+0400] {{taskinstance.py:2614}} INFO - Dependencies all met for dep_context=non-requeueable deps ti=<TaskInstance: breast_cancer_ml_pipeline.cleanup manual__2025-06-17T16:05:21.342741+00:00 [queued]>
[2025-06-17T20:07:05.593+0400] {{taskinstance.py:2614}} INFO - Dependencies all met for dep_context=requeueable deps ti=<TaskInstance: breast_cancer_ml_pipeline.cleanup manual__2025-06-17T16:05:21.342741+00:00 [queued]>
[2025-06-17T20:07:05.594+0400] {{taskinstance.py:2867}} INFO - Starting attempt 1 of 3
[2025-06-17T20:07:05.612+0400] {{taskinstance.py:2890}} INFO - Executing <Task(PythonOperator): cleanup> on 2025-06-17 16:05:21.342741+00:00
[2025-06-17T20:07:05.631+0400] {{logging_mixin.py:190}} WARNING - /Users/yuriy.samorodov/Documents/МФТИ/Семестр 2/Data Engineering/Exam/ml-pipeline-project/venv/lib/python3.12/site-packages/airflow/task/task_runner/standard_task_runner.py:70 DeprecationWarning: This process (pid=41501) is multi-threaded, use of fork() may lead to deadlocks in the child.
[2025-06-17T20:07:05.632+0400] {{standard_task_runner.py:72}} INFO - Started process 41505 to run task
[2025-06-17T20:07:05.633+0400] {{standard_task_runner.py:104}} INFO - Running: ['airflow', 'tasks', 'run', 'breast_cancer_ml_pipeline', 'cleanup', 'manual__2025-06-17T16:05:21.342741+00:00', '--job-id', '9', '--raw', '--subdir', 'DAGS_FOLDER/ml_pipeline_dag.py', '--cfg-path', '/var/folders/1f/q4s2m7nd4h11_dlypgrn202w0000gn/T/tmp7plnn7kl']
[2025-06-17T20:07:05.641+0400] {{standard_task_runner.py:105}} INFO - Job 9: Subtask cleanup
[2025-06-17T20:07:05.745+0400] {{task_command.py:467}} INFO - Running <TaskInstance: breast_cancer_ml_pipeline.cleanup manual__2025-06-17T16:05:21.342741+00:00 [running]> on host 1.0.0.0.0.0.0.0.0.0.0.0.0.0.0.0.0.0.0.0.0.0.0.0.0.0.0.0.0.0.0.0.ip6.arpa
[2025-06-17T20:07:06.211+0400] {{taskinstance.py:3134}} INFO - Exporting env vars: AIRFLOW_CTX_DAG_EMAIL='admin@example.com' AIRFLOW_CTX_DAG_OWNER='data-engineer' AIRFLOW_CTX_DAG_ID='breast_cancer_ml_pipeline' AIRFLOW_CTX_TASK_ID='cleanup' AIRFLOW_CTX_EXECUTION_DATE='2025-06-17T16:05:21.342741+00:00' AIRFLOW_CTX_TRY_NUMBER='1' AIRFLOW_CTX_DAG_RUN_ID='manual__2025-06-17T16:05:21.342741+00:00'
[2025-06-17T20:07:06.212+0400] {{taskinstance.py:732}} INFO - ::endgroup::
[2025-06-17T20:07:06.237+0400] {{logging_mixin.py:190}} INFO - Рабочая директория установлена в: /Users/yuriy.samorodov/Documents/МФТИ/Семестр 2/Data Engineering/Exam/ml-pipeline-project
[2025-06-17T20:07:06.238+0400] {{ml_pipeline_dag.py:677}} INFO - === НАЧАЛО ОЧИСТКИ ===
[2025-06-17T20:07:06.264+0400] {{storage_manager.py:138}} INFO - Начинаем инициализацию облачных клиентов...
[2025-06-17T20:07:06.265+0400] {{storage_manager.py:143}} INFO - Инициализируем GCS клиент...
[2025-06-17T20:07:06.266+0400] {{storage_manager.py:153}} INFO - GCS credentials не найдены, пропускаем инициализацию
[2025-06-17T20:07:06.267+0400] {{storage_manager.py:158}} INFO - Проверяем AWS S3...
[2025-06-17T20:07:06.268+0400] {{storage_manager.py:171}} INFO - AWS credentials не найдены
[2025-06-17T20:07:06.268+0400] {{storage_manager.py:175}} INFO - Инициализация облачных клиентов завершена
[2025-06-17T20:07:06.270+0400] {{storage_manager.py:131}} INFO - База данных инициализирована: sqlite
[2025-06-17T20:07:06.278+0400] {{storage_manager.py:499}} INFO - Очистка старых результатов (старше 30 дней)
[2025-06-17T20:07:06.287+0400] {{storage_manager.py:523}} INFO - Очистка завершена. Удалено файлов: 0
[2025-06-17T20:07:06.288+0400] {{ml_pipeline_dag.py:686}} INFO - Очистка завершена. Удалено файлов: 0
[2025-06-17T20:07:06.288+0400] {{ml_pipeline_dag.py:687}} INFO - === ОЧИСТКА ЗАВЕРШЕНА ===
[2025-06-17T20:07:06.289+0400] {{python.py:240}} INFO - Done. Returned value was: {'status': 'success', 'deleted_files': 0, 'max_age_days': 30}
[2025-06-17T20:07:06.311+0400] {{taskinstance.py:341}} INFO - ::group::Post task execution logs
[2025-06-17T20:07:06.313+0400] {{taskinstance.py:353}} INFO - Marking task as SUCCESS. dag_id=breast_cancer_ml_pipeline, task_id=cleanup, run_id=manual__2025-06-17T16:05:21.342741+00:00, execution_date=20250617T160521, start_date=20250617T160705, end_date=20250617T160706
[2025-06-17T20:07:06.400+0400] {{local_task_job_runner.py:266}} INFO - Task exited with return code 0
[2025-06-17T20:07:06.422+0400] {{taskinstance.py:3901}} INFO - 0 downstream tasks scheduled from follow-on schedule check
[2025-06-17T20:07:06.423+0400] {{local_task_job_runner.py:245}} INFO - ::endgroup::
